Ok(
    (
        RelativePathToSourceFile(
            "crates/isograph_lang_parser/fixtures/object-literal.input.js",
        ),
        [
            (
                ClientFieldDeclaration(
                    WithSpan {
                        item: ClientFieldDeclaration {
                            const_export_name: ConstExportName(
                                "BasicField",
                            ),
                            parent_type: WithSpan {
                                item: UnvalidatedTypeName(
                                    "Type",
                                ),
                                span: Span {
                                    start: 9,
                                    end: 13,
                                },
                            },
                            client_field_name: WithSpan {
                                item: ScalarFieldName(
                                    "Name",
                                ),
                                span: Span {
                                    start: 14,
                                    end: 18,
                                },
                            },
                            description: None,
                            selection_set: [
                                WithSpan {
                                    item: ScalarField(
                                        ScalarFieldSelection {
                                            name: WithLocation {
                                                location: Embedded(
                                                    EmbeddedLocation {
                                                        text_source: TextSource {
                                                            current_working_directory: CurrentWorkingDirectory,
                                                            relative_path_to_source_file: RelativePathToSourceFile(
                                                                "crates/isograph_lang_parser/fixtures/object-literal.input.js",
                                                            ),
                                                            span: Some(
                                                                Span {
                                                                    start: 31,
                                                                    end: 118,
                                                                },
                                                            ),
                                                        },
                                                        span: Span {
                                                            start: 35,
                                                            end: 41,
                                                        },
                                                    },
                                                ),
                                                item: ScalarFieldName(
                                                    "scalar",
                                                ),
                                            },
                                            reader_alias: None,
                                            associated_data: (),
                                            arguments: [
                                                WithLocation {
                                                    location: Embedded(
                                                        EmbeddedLocation {
                                                            text_source: TextSource {
                                                                current_working_directory: CurrentWorkingDirectory,
                                                                relative_path_to_source_file: RelativePathToSourceFile(
                                                                    "crates/isograph_lang_parser/fixtures/object-literal.input.js",
                                                                ),
                                                                span: Some(
                                                                    Span {
                                                                        start: 31,
                                                                        end: 118,
                                                                    },
                                                                ),
                                                            },
                                                            span: Span {
                                                                start: 42,
                                                                end: 81,
                                                            },
                                                        },
                                                    ),
                                                    item: SelectionFieldArgument {
                                                        name: WithSpan {
                                                            item: FieldArgumentName(
                                                                "input",
                                                            ),
                                                            span: Span {
                                                                start: 42,
                                                                end: 47,
                                                            },
                                                        },
                                                        value: WithLocation {
                                                            location: Embedded(
                                                                EmbeddedLocation {
                                                                    text_source: TextSource {
                                                                        current_working_directory: CurrentWorkingDirectory,
                                                                        relative_path_to_source_file: RelativePathToSourceFile(
                                                                            "crates/isograph_lang_parser/fixtures/object-literal.input.js",
                                                                        ),
                                                                        span: Some(
                                                                            Span {
                                                                                start: 31,
                                                                                end: 118,
                                                                            },
                                                                        ),
                                                                    },
                                                                    span: Span {
                                                                        start: 49,
                                                                        end: 81,
                                                                    },
                                                                },
                                                            ),
                                                            item: Object(
                                                                [
                                                                    NameValuePair {
                                                                        name: WithLocation {
                                                                            location: Embedded(
                                                                                EmbeddedLocation {
                                                                                    text_source: TextSource {
                                                                                        current_working_directory: CurrentWorkingDirectory,
                                                                                        relative_path_to_source_file: RelativePathToSourceFile(
                                                                                            "crates/isograph_lang_parser/fixtures/object-literal.input.js",
                                                                                        ),
                                                                                        span: Some(
                                                                                            Span {
                                                                                                start: 31,
                                                                                                end: 118,
                                                                                            },
                                                                                        ),
                                                                                    },
                                                                                    span: Span {
                                                                                        start: 51,
                                                                                        end: 52,
                                                                                    },
                                                                                },
                                                                            ),
                                                                            item: ValueKeyName(
                                                                                "a",
                                                                            ),
                                                                        },
                                                                        value: WithLocation {
                                                                            location: Embedded(
                                                                                EmbeddedLocation {
                                                                                    text_source: TextSource {
                                                                                        current_working_directory: CurrentWorkingDirectory,
                                                                                        relative_path_to_source_file: RelativePathToSourceFile(
                                                                                            "crates/isograph_lang_parser/fixtures/object-literal.input.js",
                                                                                        ),
                                                                                        span: Some(
                                                                                            Span {
                                                                                                start: 31,
                                                                                                end: 118,
                                                                                            },
                                                                                        ),
                                                                                    },
                                                                                    span: Span {
                                                                                        start: 55,
                                                                                        end: 56,
                                                                                    },
                                                                                },
                                                                            ),
                                                                            item: Variable(
                                                                                VariableName(
                                                                                    "a",
                                                                                ),
                                                                            ),
                                                                        },
                                                                    },
                                                                    NameValuePair {
                                                                        name: WithLocation {
                                                                            location: Embedded(
                                                                                EmbeddedLocation {
                                                                                    text_source: TextSource {
                                                                                        current_working_directory: CurrentWorkingDirectory,
                                                                                        relative_path_to_source_file: RelativePathToSourceFile(
                                                                                            "crates/isograph_lang_parser/fixtures/object-literal.input.js",
                                                                                        ),
                                                                                        span: Some(
                                                                                            Span {
                                                                                                start: 31,
                                                                                                end: 118,
                                                                                            },
                                                                                        ),
                                                                                    },
                                                                                    span: Span {
                                                                                        start: 58,
                                                                                        end: 59,
                                                                                    },
                                                                                },
                                                                            ),
                                                                            item: ValueKeyName(
                                                                                "b",
                                                                            ),
                                                                        },
                                                                        value: WithLocation {
                                                                            location: Embedded(
                                                                                EmbeddedLocation {
                                                                                    text_source: TextSource {
                                                                                        current_working_directory: CurrentWorkingDirectory,
                                                                                        relative_path_to_source_file: RelativePathToSourceFile(
                                                                                            "crates/isograph_lang_parser/fixtures/object-literal.input.js",
                                                                                        ),
                                                                                        span: Some(
                                                                                            Span {
                                                                                                start: 31,
                                                                                                end: 118,
                                                                                            },
                                                                                        ),
                                                                                    },
                                                                                    span: Span {
                                                                                        start: 61,
                                                                                        end: 63,
                                                                                    },
                                                                                },
                                                                            ),
                                                                            item: Integer(
                                                                                12,
                                                                            ),
                                                                        },
                                                                    },
                                                                    NameValuePair {
                                                                        name: WithLocation {
                                                                            location: Embedded(
                                                                                EmbeddedLocation {
                                                                                    text_source: TextSource {
                                                                                        current_working_directory: CurrentWorkingDirectory,
                                                                                        relative_path_to_source_file: RelativePathToSourceFile(
                                                                                            "crates/isograph_lang_parser/fixtures/object-literal.input.js",
                                                                                        ),
                                                                                        span: Some(
                                                                                            Span {
                                                                                                start: 31,
                                                                                                end: 118,
                                                                                            },
                                                                                        ),
                                                                                    },
                                                                                    span: Span {
                                                                                        start: 65,
                                                                                        end: 66,
                                                                                    },
                                                                                },
                                                                            ),
                                                                            item: ValueKeyName(
                                                                                "c",
                                                                            ),
                                                                        },
                                                                        value: WithLocation {
                                                                            location: Embedded(
                                                                                EmbeddedLocation {
                                                                                    text_source: TextSource {
                                                                                        current_working_directory: CurrentWorkingDirectory,
                                                                                        relative_path_to_source_file: RelativePathToSourceFile(
                                                                                            "crates/isograph_lang_parser/fixtures/object-literal.input.js",
                                                                                        ),
                                                                                        span: Some(
                                                                                            Span {
                                                                                                start: 31,
                                                                                                end: 118,
                                                                                            },
                                                                                        ),
                                                                                    },
                                                                                    span: Span {
                                                                                        start: 68,
                                                                                        end: 79,
                                                                                    },
                                                                                },
                                                                            ),
                                                                            item: Object(
                                                                                [
                                                                                    NameValuePair {
                                                                                        name: WithLocation {
                                                                                            location: Embedded(
                                                                                                EmbeddedLocation {
                                                                                                    text_source: TextSource {
                                                                                                        current_working_directory: CurrentWorkingDirectory,
                                                                                                        relative_path_to_source_file: RelativePathToSourceFile(
                                                                                                            "crates/isograph_lang_parser/fixtures/object-literal.input.js",
                                                                                                        ),
                                                                                                        span: Some(
                                                                                                            Span {
                                                                                                                start: 31,
                                                                                                                end: 118,
                                                                                                            },
                                                                                                        ),
                                                                                                    },
                                                                                                    span: Span {
                                                                                                        start: 70,
                                                                                                        end: 71,
                                                                                                    },
                                                                                                },
                                                                                            ),
                                                                                            item: ValueKeyName(
                                                                                                "d",
                                                                                            ),
                                                                                        },
                                                                                        value: WithLocation {
                                                                                            location: Embedded(
                                                                                                EmbeddedLocation {
                                                                                                    text_source: TextSource {
                                                                                                        current_working_directory: CurrentWorkingDirectory,
                                                                                                        relative_path_to_source_file: RelativePathToSourceFile(
                                                                                                            "crates/isograph_lang_parser/fixtures/object-literal.input.js",
                                                                                                        ),
                                                                                                        span: Some(
                                                                                                            Span {
                                                                                                                start: 31,
                                                                                                                end: 118,
                                                                                                            },
                                                                                                        ),
                                                                                                    },
                                                                                                    span: Span {
                                                                                                        start: 73,
                                                                                                        end: 77,
                                                                                                    },
                                                                                                },
                                                                                            ),
                                                                                            item: Boolean(
                                                                                                true,
                                                                                            ),
                                                                                        },
                                                                                    },
                                                                                ],
                                                                            ),
                                                                        },
                                                                    },
                                                                ],
                                                            ),
                                                        },
                                                    },
                                                },
                                            ],
                                            directives: [],
                                        },
                                    ),
                                    span: Span {
                                        start: 35,
                                        end: 82,
                                    },
                                },
                            ],
                            directives: [],
                            variable_definitions: [
                                WithSpan {
                                    item: VariableDefinition {
                                        name: WithLocation {
                                            location: Embedded(
                                                EmbeddedLocation {
                                                    text_source: TextSource {
                                                        current_working_directory: CurrentWorkingDirectory,
                                                        relative_path_to_source_file: RelativePathToSourceFile(
                                                            "crates/isograph_lang_parser/fixtures/object-literal.input.js",
                                                        ),
                                                        span: Some(
                                                            Span {
                                                                start: 31,
                                                                end: 118,
                                                            },
                                                        ),
                                                    },
                                                    span: Span {
                                                        start: 20,
                                                        end: 21,
                                                    },
                                                },
                                            ),
                                            item: VariableName(
                                                "a",
                                            ),
                                        },
                                        type_: Named(
                                            GraphQLNamedTypeAnnotation(
                                                WithSpan {
                                                    item: UnvalidatedTypeName(
                                                        "Type",
                                                    ),
                                                    span: Span {
                                                        start: 23,
                                                        end: 27,
                                                    },
                                                },
                                            ),
                                        ),
                                        default_value: None,
                                    },
                                    span: Span {
                                        start: 19,
                                        end: 27,
                                    },
                                },
                            ],
                            definition_path: RelativePathToSourceFile(
                                "crates/isograph_lang_parser/fixtures/object-literal.input.js",
                            ),
                            field_keyword: WithSpan {
                                item: (),
                                span: Span {
                                    start: 3,
                                    end: 8,
                                },
                            },
                            dot: WithSpan {
                                item: (),
                                span: Span {
                                    start: 13,
                                    end: 14,
                                },
                            },
                        },
                        span: Span {
                            start: 9,
                            end: 86,
                        },
                    },
                ),
                TextSource {
                    current_working_directory: CurrentWorkingDirectory,
                    relative_path_to_source_file: RelativePathToSourceFile(
                        "crates/isograph_lang_parser/fixtures/object-literal.input.js",
                    ),
                    span: Some(
                        Span {
                            start: 31,
                            end: 118,
                        },
                    ),
                },
            ),
        ],
    ),
)