Err(
    WithLocation {
        location: Embedded(
            EmbeddedLocation {
                text_source: TextSource {
                    current_working_directory: CurrentWorkingDirectory,
                    relative_path_to_source_file: RelativePathToSourceFile(
                        "crates/isograph_lang_parser/fixtures/entrypoint-with-selection-set.input.js",
                    ),
                    span: Some(
                        Span {
                            start: 5,
                            end: 37,
                        },
                    ),
                },
                span: Span {
                    start: 21,
                    end: 32,
                },
            },
        ),
        item: LeftoverTokens,
    },
)

Unparsed tokens remaining
crates/isograph_lang_parser/fixtures/entrypoint-with-selection-set.input.js
entrypoint Type.Name {
                     ^^
  wat
^^^^^^
}
^
---
