Ok(
    (
        EntrypointDeclaration(
            WithGenericLocation {
                item: EntrypointDeclaration {
                    parent_type: WithGenericLocation {
                        item: EntityNameWrapper(
                            EntityName(
                                "Query",
                            ),
                        ),
                        location: EmbeddedLocation {
                            text_source: TextSource {
                                relative_path_to_source_file: RelativePathToSourceFile(
                                    "crates/isograph_lang_parser/fixtures/entrypoint-with-long-name.input.js",
                                ),
                                span: Some(
                                    Span {
                                        start: 46,
                                        end: 82,
                                    },
                                ),
                            },
                            span: Span {
                                start: 11,
                                end: 16,
                            },
                        },
                    },
                    client_field_name: WithGenericLocation {
                        item: ClientScalarSelectableNameWrapper(
                            SelectableName(
                                "errorsClientPointer",
                            ),
                        ),
                        location: EmbeddedLocation {
                            text_source: TextSource {
                                relative_path_to_source_file: RelativePathToSourceFile(
                                    "crates/isograph_lang_parser/fixtures/entrypoint-with-long-name.input.js",
                                ),
                                span: Some(
                                    Span {
                                        start: 46,
                                        end: 82,
                                    },
                                ),
                            },
                            span: Span {
                                start: 17,
                                end: 36,
                            },
                        },
                    },
                    entrypoint_keyword: WithGenericLocation {
                        item: (),
                        location: EmbeddedLocation {
                            text_source: TextSource {
                                relative_path_to_source_file: RelativePathToSourceFile(
                                    "crates/isograph_lang_parser/fixtures/entrypoint-with-long-name.input.js",
                                ),
                                span: Some(
                                    Span {
                                        start: 46,
                                        end: 82,
                                    },
                                ),
                            },
                            span: Span {
                                start: 0,
                                end: 10,
                            },
                        },
                    },
                    dot: WithGenericLocation {
                        item: (),
                        location: EmbeddedLocation {
                            text_source: TextSource {
                                relative_path_to_source_file: RelativePathToSourceFile(
                                    "crates/isograph_lang_parser/fixtures/entrypoint-with-long-name.input.js",
                                ),
                                span: Some(
                                    Span {
                                        start: 46,
                                        end: 82,
                                    },
                                ),
                            },
                            span: Span {
                                start: 16,
                                end: 17,
                            },
                        },
                    },
                    iso_literal_text: IsoLiteralText(
                        "entrypoint Query.errorsClientPointer",
                    ),
                    directive_set: WithGenericLocation {
                        item: [],
                        location: EmbeddedLocation {
                            text_source: TextSource {
                                relative_path_to_source_file: RelativePathToSourceFile(
                                    "crates/isograph_lang_parser/fixtures/entrypoint-with-long-name.input.js",
                                ),
                                span: Some(
                                    Span {
                                        start: 46,
                                        end: 82,
                                    },
                                ),
                            },
                            span: Span {
                                start: 0,
                                end: 0,
                            },
                        },
                    },
                    semantic_tokens: [
                        WithGenericLocation {
                            item: IsographSemanticToken {
                                lsp_semantic_token: LspSemanticToken(
                                    15,
                                ),
                                line_behavior: Inline(
                                    InlineBehavior {
                                        space_before: SpaceBefore(
                                            false,
                                        ),
                                        space_after: SpaceAfter(
                                            true,
                                        ),
                                    },
                                ),
                                indent_change: Same,
                            },
                            location: EmbeddedLocation {
                                text_source: TextSource {
                                    relative_path_to_source_file: RelativePathToSourceFile(
                                        "crates/isograph_lang_parser/fixtures/entrypoint-with-long-name.input.js",
                                    ),
                                    span: Some(
                                        Span {
                                            start: 46,
                                            end: 82,
                                        },
                                    ),
                                },
                                span: Span {
                                    start: 0,
                                    end: 10,
                                },
                            },
                        },
                        WithGenericLocation {
                            item: IsographSemanticToken {
                                lsp_semantic_token: LspSemanticToken(
                                    2,
                                ),
                                line_behavior: Inline(
                                    InlineBehavior {
                                        space_before: SpaceBefore(
                                            true,
                                        ),
                                        space_after: SpaceAfter(
                                            true,
                                        ),
                                    },
                                ),
                                indent_change: Same,
                            },
                            location: EmbeddedLocation {
                                text_source: TextSource {
                                    relative_path_to_source_file: RelativePathToSourceFile(
                                        "crates/isograph_lang_parser/fixtures/entrypoint-with-long-name.input.js",
                                    ),
                                    span: Some(
                                        Span {
                                            start: 46,
                                            end: 82,
                                        },
                                    ),
                                },
                                span: Span {
                                    start: 11,
                                    end: 16,
                                },
                            },
                        },
                        WithGenericLocation {
                            item: IsographSemanticToken {
                                lsp_semantic_token: LspSemanticToken(
                                    21,
                                ),
                                line_behavior: Inline(
                                    InlineBehavior {
                                        space_before: SpaceBefore(
                                            false,
                                        ),
                                        space_after: SpaceAfter(
                                            false,
                                        ),
                                    },
                                ),
                                indent_change: Same,
                            },
                            location: EmbeddedLocation {
                                text_source: TextSource {
                                    relative_path_to_source_file: RelativePathToSourceFile(
                                        "crates/isograph_lang_parser/fixtures/entrypoint-with-long-name.input.js",
                                    ),
                                    span: Some(
                                        Span {
                                            start: 46,
                                            end: 82,
                                        },
                                    ),
                                },
                                span: Span {
                                    start: 16,
                                    end: 17,
                                },
                            },
                        },
                        WithGenericLocation {
                            item: IsographSemanticToken {
                                lsp_semantic_token: LspSemanticToken(
                                    13,
                                ),
                                line_behavior: Inline(
                                    InlineBehavior {
                                        space_before: SpaceBefore(
                                            true,
                                        ),
                                        space_after: SpaceAfter(
                                            true,
                                        ),
                                    },
                                ),
                                indent_change: Same,
                            },
                            location: EmbeddedLocation {
                                text_source: TextSource {
                                    relative_path_to_source_file: RelativePathToSourceFile(
                                        "crates/isograph_lang_parser/fixtures/entrypoint-with-long-name.input.js",
                                    ),
                                    span: Some(
                                        Span {
                                            start: 46,
                                            end: 82,
                                        },
                                    ),
                                },
                                span: Span {
                                    start: 17,
                                    end: 36,
                                },
                            },
                        },
                    ],
                },
                location: EmbeddedLocation {
                    text_source: TextSource {
                        relative_path_to_source_file: RelativePathToSourceFile(
                            "crates/isograph_lang_parser/fixtures/entrypoint-with-long-name.input.js",
                        ),
                        span: Some(
                            Span {
                                start: 46,
                                end: 82,
                            },
                        ),
                    },
                    span: Span {
                        start: 11,
                        end: 36,
                    },
                },
            },
        ),
        TextSource {
            relative_path_to_source_file: RelativePathToSourceFile(
                "crates/isograph_lang_parser/fixtures/entrypoint-with-long-name.input.js",
            ),
            span: Some(
                Span {
                    start: 46,
                    end: 82,
                },
            ),
        },
    ),
)