Ok(
    (
        EntrypointDeclaration(
            WithGenericLocation {
                item: EntrypointDeclaration {
                    parent_type: WithGenericLocation {
                        item: EntityNameWrapper(
                            EntityName(
                                "Type",
                            ),
                        ),
                        location: EmbeddedLocation {
                            text_source: TextSource {
                                relative_path_to_source_file: RelativePathToSourceFile(
                                    "crates/isograph_lang_parser/fixtures/entrypoint-with-directives.input.js",
                                ),
                                span: Some(
                                    Span {
                                        start: 5,
                                        end: 30,
                                    },
                                ),
                            },
                            span: Span {
                                start: 11,
                                end: 15,
                            },
                        },
                    },
                    client_field_name: WithGenericLocation {
                        item: ClientScalarSelectableNameWrapper(
                            SelectableName(
                                "Name",
                            ),
                        ),
                        location: EmbeddedLocation {
                            text_source: TextSource {
                                relative_path_to_source_file: RelativePathToSourceFile(
                                    "crates/isograph_lang_parser/fixtures/entrypoint-with-directives.input.js",
                                ),
                                span: Some(
                                    Span {
                                        start: 5,
                                        end: 30,
                                    },
                                ),
                            },
                            span: Span {
                                start: 16,
                                end: 20,
                            },
                        },
                    },
                    entrypoint_keyword: WithGenericLocation {
                        item: (),
                        location: EmbeddedLocation {
                            text_source: TextSource {
                                relative_path_to_source_file: RelativePathToSourceFile(
                                    "crates/isograph_lang_parser/fixtures/entrypoint-with-directives.input.js",
                                ),
                                span: Some(
                                    Span {
                                        start: 5,
                                        end: 30,
                                    },
                                ),
                            },
                            span: Span {
                                start: 0,
                                end: 10,
                            },
                        },
                    },
                    dot: WithGenericLocation {
                        item: (),
                        location: EmbeddedLocation {
                            text_source: TextSource {
                                relative_path_to_source_file: RelativePathToSourceFile(
                                    "crates/isograph_lang_parser/fixtures/entrypoint-with-directives.input.js",
                                ),
                                span: Some(
                                    Span {
                                        start: 5,
                                        end: 30,
                                    },
                                ),
                            },
                            span: Span {
                                start: 15,
                                end: 16,
                            },
                        },
                    },
                    iso_literal_text: IsoLiteralText(
                        "entrypoint Type.Name @foo",
                    ),
                    directive_set: WithGenericLocation {
                        item: [
                            WithGenericLocation {
                                item: IsographFieldDirective {
                                    name: WithGenericLocation {
                                        item: IsographDirectiveName(
                                            "foo",
                                        ),
                                        location: EmbeddedLocation {
                                            text_source: TextSource {
                                                relative_path_to_source_file: RelativePathToSourceFile(
                                                    "crates/isograph_lang_parser/fixtures/entrypoint-with-directives.input.js",
                                                ),
                                                span: Some(
                                                    Span {
                                                        start: 5,
                                                        end: 30,
                                                    },
                                                ),
                                            },
                                            span: Span {
                                                start: 22,
                                                end: 25,
                                            },
                                        },
                                    },
                                    arguments: [],
                                },
                                location: EmbeddedLocation {
                                    text_source: TextSource {
                                        relative_path_to_source_file: RelativePathToSourceFile(
                                            "crates/isograph_lang_parser/fixtures/entrypoint-with-directives.input.js",
                                        ),
                                        span: Some(
                                            Span {
                                                start: 5,
                                                end: 30,
                                            },
                                        ),
                                    },
                                    span: Span {
                                        start: 21,
                                        end: 25,
                                    },
                                },
                            },
                        ],
                        location: EmbeddedLocation {
                            text_source: TextSource {
                                relative_path_to_source_file: RelativePathToSourceFile(
                                    "crates/isograph_lang_parser/fixtures/entrypoint-with-directives.input.js",
                                ),
                                span: Some(
                                    Span {
                                        start: 5,
                                        end: 30,
                                    },
                                ),
                            },
                            span: Span {
                                start: 21,
                                end: 25,
                            },
                        },
                    },
                    semantic_tokens: [
                        WithGenericLocation {
                            item: IsographSemanticToken {
                                lsp_semantic_token: LspSemanticToken(
                                    15,
                                ),
                                line_behavior: Inline(
                                    InlineBehavior {
                                        space_before: SpaceBefore(
                                            false,
                                        ),
                                        space_after: SpaceAfter(
                                            true,
                                        ),
                                    },
                                ),
                                indent_change: Same,
                            },
                            location: EmbeddedLocation {
                                text_source: TextSource {
                                    relative_path_to_source_file: RelativePathToSourceFile(
                                        "crates/isograph_lang_parser/fixtures/entrypoint-with-directives.input.js",
                                    ),
                                    span: Some(
                                        Span {
                                            start: 5,
                                            end: 30,
                                        },
                                    ),
                                },
                                span: Span {
                                    start: 0,
                                    end: 10,
                                },
                            },
                        },
                        WithGenericLocation {
                            item: IsographSemanticToken {
                                lsp_semantic_token: LspSemanticToken(
                                    2,
                                ),
                                line_behavior: Inline(
                                    InlineBehavior {
                                        space_before: SpaceBefore(
                                            true,
                                        ),
                                        space_after: SpaceAfter(
                                            true,
                                        ),
                                    },
                                ),
                                indent_change: Same,
                            },
                            location: EmbeddedLocation {
                                text_source: TextSource {
                                    relative_path_to_source_file: RelativePathToSourceFile(
                                        "crates/isograph_lang_parser/fixtures/entrypoint-with-directives.input.js",
                                    ),
                                    span: Some(
                                        Span {
                                            start: 5,
                                            end: 30,
                                        },
                                    ),
                                },
                                span: Span {
                                    start: 11,
                                    end: 15,
                                },
                            },
                        },
                        WithGenericLocation {
                            item: IsographSemanticToken {
                                lsp_semantic_token: LspSemanticToken(
                                    21,
                                ),
                                line_behavior: Inline(
                                    InlineBehavior {
                                        space_before: SpaceBefore(
                                            false,
                                        ),
                                        space_after: SpaceAfter(
                                            false,
                                        ),
                                    },
                                ),
                                indent_change: Same,
                            },
                            location: EmbeddedLocation {
                                text_source: TextSource {
                                    relative_path_to_source_file: RelativePathToSourceFile(
                                        "crates/isograph_lang_parser/fixtures/entrypoint-with-directives.input.js",
                                    ),
                                    span: Some(
                                        Span {
                                            start: 5,
                                            end: 30,
                                        },
                                    ),
                                },
                                span: Span {
                                    start: 15,
                                    end: 16,
                                },
                            },
                        },
                        WithGenericLocation {
                            item: IsographSemanticToken {
                                lsp_semantic_token: LspSemanticToken(
                                    13,
                                ),
                                line_behavior: Inline(
                                    InlineBehavior {
                                        space_before: SpaceBefore(
                                            true,
                                        ),
                                        space_after: SpaceAfter(
                                            true,
                                        ),
                                    },
                                ),
                                indent_change: Same,
                            },
                            location: EmbeddedLocation {
                                text_source: TextSource {
                                    relative_path_to_source_file: RelativePathToSourceFile(
                                        "crates/isograph_lang_parser/fixtures/entrypoint-with-directives.input.js",
                                    ),
                                    span: Some(
                                        Span {
                                            start: 5,
                                            end: 30,
                                        },
                                    ),
                                },
                                span: Span {
                                    start: 16,
                                    end: 20,
                                },
                            },
                        },
                        WithGenericLocation {
                            item: IsographSemanticToken {
                                lsp_semantic_token: LspSemanticToken(
                                    22,
                                ),
                                line_behavior: Inline(
                                    InlineBehavior {
                                        space_before: SpaceBefore(
                                            true,
                                        ),
                                        space_after: SpaceAfter(
                                            false,
                                        ),
                                    },
                                ),
                                indent_change: Same,
                            },
                            location: EmbeddedLocation {
                                text_source: TextSource {
                                    relative_path_to_source_file: RelativePathToSourceFile(
                                        "crates/isograph_lang_parser/fixtures/entrypoint-with-directives.input.js",
                                    ),
                                    span: Some(
                                        Span {
                                            start: 5,
                                            end: 30,
                                        },
                                    ),
                                },
                                span: Span {
                                    start: 21,
                                    end: 22,
                                },
                            },
                        },
                        WithGenericLocation {
                            item: IsographSemanticToken {
                                lsp_semantic_token: LspSemanticToken(
                                    22,
                                ),
                                line_behavior: Inline(
                                    InlineBehavior {
                                        space_before: SpaceBefore(
                                            false,
                                        ),
                                        space_after: SpaceAfter(
                                            true,
                                        ),
                                    },
                                ),
                                indent_change: Same,
                            },
                            location: EmbeddedLocation {
                                text_source: TextSource {
                                    relative_path_to_source_file: RelativePathToSourceFile(
                                        "crates/isograph_lang_parser/fixtures/entrypoint-with-directives.input.js",
                                    ),
                                    span: Some(
                                        Span {
                                            start: 5,
                                            end: 30,
                                        },
                                    ),
                                },
                                span: Span {
                                    start: 22,
                                    end: 25,
                                },
                            },
                        },
                    ],
                },
                location: EmbeddedLocation {
                    text_source: TextSource {
                        relative_path_to_source_file: RelativePathToSourceFile(
                            "crates/isograph_lang_parser/fixtures/entrypoint-with-directives.input.js",
                        ),
                        span: Some(
                            Span {
                                start: 5,
                                end: 30,
                            },
                        ),
                    },
                    span: Span {
                        start: 11,
                        end: 25,
                    },
                },
            },
        ),
        TextSource {
            relative_path_to_source_file: RelativePathToSourceFile(
                "crates/isograph_lang_parser/fixtures/entrypoint-with-directives.input.js",
            ),
            span: Some(
                Span {
                    start: 5,
                    end: 30,
                },
            ),
        },
    ),
)