Ok(
    [
        (
            ClientFieldDeclaration(
                WithSpan {
                    item: ClientFieldDeclaration {
                        const_export_name: ConstExportName(
                            "BasicField",
                        ),
                        parent_type: WithSpan {
                            item: UnvalidatedTypeName(
                                "Type",
                            ),
                            span: Span {
                                start: 9,
                                end: 13,
                            },
                        },
                        client_field_name: WithSpan {
                            item: ClientScalarSelectableName(
                                "Name",
                            ),
                            span: Span {
                                start: 14,
                                end: 18,
                            },
                        },
                        description: None,
                        selection_set: [],
                        client_field_directive_set: None(
                            EmptyDirectiveSet,
                        ),
                        variable_definitions: [],
                        definition_path: RelativePathToSourceFile(
                            "crates/isograph_lang_parser/fixtures/field-empty-selection-set.input.js",
                        ),
                        semantic_tokens: [
                            WithSpan {
                                item: IsographSemanticToken(
                                    15,
                                ),
                                span: Span {
                                    start: 3,
                                    end: 8,
                                },
                            },
                            WithSpan {
                                item: IsographSemanticToken(
                                    2,
                                ),
                                span: Span {
                                    start: 9,
                                    end: 13,
                                },
                            },
                            WithSpan {
                                item: IsographSemanticToken(
                                    21,
                                ),
                                span: Span {
                                    start: 13,
                                    end: 14,
                                },
                            },
                            WithSpan {
                                item: IsographSemanticToken(
                                    13,
                                ),
                                span: Span {
                                    start: 14,
                                    end: 18,
                                },
                            },
                            WithSpan {
                                item: IsographSemanticToken(
                                    21,
                                ),
                                span: Span {
                                    start: 19,
                                    end: 20,
                                },
                            },
                            WithSpan {
                                item: IsographSemanticToken(
                                    21,
                                ),
                                span: Span {
                                    start: 20,
                                    end: 21,
                                },
                            },
                        ],
                    },
                    span: Span {
                        start: 9,
                        end: 21,
                    },
                },
            ),
            TextSource {
                current_working_directory: CurrentWorkingDirectory,
                relative_path_to_source_file: RelativePathToSourceFile(
                    "crates/isograph_lang_parser/fixtures/field-empty-selection-set.input.js",
                ),
                span: Some(
                    Span {
                        start: 31,
                        end: 53,
                    },
                ),
            },
        ),
    ],
)