Ok(
    (
        ClientFieldDeclaration(
            WithEmbeddedLocation {
                location: EmbeddedLocation {
                    text_source: TextSource {
                        current_working_directory: CurrentWorkingDirectory,
                        relative_path_to_source_file: RelativePathToSourceFile(
                            "crates/isograph_lang_parser/fixtures/field-empty-linked-field-selection-set.input.js",
                        ),
                        span: Some(
                            Span {
                                start: 31,
                                end: 70,
                            },
                        ),
                    },
                    span: Span {
                        start: 9,
                        end: 38,
                    },
                },
                item: ClientFieldDeclaration {
                    const_export_name: ConstExportName(
                        "BasicField",
                    ),
                    parent_type: WithEmbeddedLocation {
                        location: EmbeddedLocation {
                            text_source: TextSource {
                                current_working_directory: CurrentWorkingDirectory,
                                relative_path_to_source_file: RelativePathToSourceFile(
                                    "crates/isograph_lang_parser/fixtures/field-empty-linked-field-selection-set.input.js",
                                ),
                                span: Some(
                                    Span {
                                        start: 31,
                                        end: 70,
                                    },
                                ),
                            },
                            span: Span {
                                start: 9,
                                end: 13,
                            },
                        },
                        item: EntityNameWrapper(
                            EntityName(
                                "Type",
                            ),
                        ),
                    },
                    client_field_name: WithEmbeddedLocation {
                        location: EmbeddedLocation {
                            text_source: TextSource {
                                current_working_directory: CurrentWorkingDirectory,
                                relative_path_to_source_file: RelativePathToSourceFile(
                                    "crates/isograph_lang_parser/fixtures/field-empty-linked-field-selection-set.input.js",
                                ),
                                span: Some(
                                    Span {
                                        start: 31,
                                        end: 70,
                                    },
                                ),
                            },
                            span: Span {
                                start: 14,
                                end: 18,
                            },
                        },
                        item: ClientScalarSelectableNameWrapper(
                            SelectableName(
                                "Name",
                            ),
                        ),
                    },
                    description: None,
                    selection_set: WithEmbeddedLocation {
                        location: EmbeddedLocation {
                            text_source: TextSource {
                                current_working_directory: CurrentWorkingDirectory,
                                relative_path_to_source_file: RelativePathToSourceFile(
                                    "crates/isograph_lang_parser/fixtures/field-empty-linked-field-selection-set.input.js",
                                ),
                                span: Some(
                                    Span {
                                        start: 31,
                                        end: 70,
                                    },
                                ),
                            },
                            span: Span {
                                start: 19,
                                end: 38,
                            },
                        },
                        item: SelectionSet {
                            selections: [
                                WithEmbeddedLocation {
                                    location: EmbeddedLocation {
                                        text_source: TextSource {
                                            current_working_directory: CurrentWorkingDirectory,
                                            relative_path_to_source_file: RelativePathToSourceFile(
                                                "crates/isograph_lang_parser/fixtures/field-empty-linked-field-selection-set.input.js",
                                            ),
                                            span: Some(
                                                Span {
                                                    start: 31,
                                                    end: 70,
                                                },
                                            ),
                                        },
                                        span: Span {
                                            start: 25,
                                            end: 34,
                                        },
                                    },
                                    item: Object(
                                        ObjectSelection {
                                            name: WithEmbeddedLocation {
                                                location: EmbeddedLocation {
                                                    text_source: TextSource {
                                                        current_working_directory: CurrentWorkingDirectory,
                                                        relative_path_to_source_file: RelativePathToSourceFile(
                                                            "crates/isograph_lang_parser/fixtures/field-empty-linked-field-selection-set.input.js",
                                                        ),
                                                        span: Some(
                                                            Span {
                                                                start: 31,
                                                                end: 70,
                                                            },
                                                        ),
                                                    },
                                                    span: Span {
                                                        start: 25,
                                                        end: 31,
                                                    },
                                                },
                                                item: SelectableName(
                                                    "linked",
                                                ),
                                            },
                                            reader_alias: None,
                                            selection_set: WithEmbeddedLocation {
                                                location: EmbeddedLocation {
                                                    text_source: TextSource {
                                                        current_working_directory: CurrentWorkingDirectory,
                                                        relative_path_to_source_file: RelativePathToSourceFile(
                                                            "crates/isograph_lang_parser/fixtures/field-empty-linked-field-selection-set.input.js",
                                                        ),
                                                        span: Some(
                                                            Span {
                                                                start: 31,
                                                                end: 70,
                                                            },
                                                        ),
                                                    },
                                                    span: Span {
                                                        start: 32,
                                                        end: 34,
                                                    },
                                                },
                                                item: SelectionSet {
                                                    selections: [],
                                                },
                                            },
                                            arguments: [],
                                            object_selection_directive_set: None(
                                                EmptyDirectiveSet,
                                            ),
                                        },
                                    ),
                                },
                            ],
                        },
                    },
                    client_scalar_selectable_directive_set: Ok(
                        None(
                            EmptyDirectiveSet,
                        ),
                    ),
                    variable_definitions: [],
                    definition_path: RelativePathToSourceFile(
                        "crates/isograph_lang_parser/fixtures/field-empty-linked-field-selection-set.input.js",
                    ),
                    semantic_tokens: [
                        WithEmbeddedLocation {
                            location: EmbeddedLocation {
                                text_source: TextSource {
                                    current_working_directory: CurrentWorkingDirectory,
                                    relative_path_to_source_file: RelativePathToSourceFile(
                                        "crates/isograph_lang_parser/fixtures/field-empty-linked-field-selection-set.input.js",
                                    ),
                                    span: Some(
                                        Span {
                                            start: 31,
                                            end: 70,
                                        },
                                    ),
                                },
                                span: Span {
                                    start: 3,
                                    end: 8,
                                },
                            },
                            item: IsographSemanticToken {
                                lsp_semantic_token: LspSemanticToken(
                                    15,
                                ),
                                line_behavior: StartsNewLine(
                                    StartsNewLineBehavior {
                                        space_after: SpaceAfter(
                                            true,
                                        ),
                                    },
                                ),
                                indent_change: Same,
                            },
                        },
                        WithEmbeddedLocation {
                            location: EmbeddedLocation {
                                text_source: TextSource {
                                    current_working_directory: CurrentWorkingDirectory,
                                    relative_path_to_source_file: RelativePathToSourceFile(
                                        "crates/isograph_lang_parser/fixtures/field-empty-linked-field-selection-set.input.js",
                                    ),
                                    span: Some(
                                        Span {
                                            start: 31,
                                            end: 70,
                                        },
                                    ),
                                },
                                span: Span {
                                    start: 9,
                                    end: 13,
                                },
                            },
                            item: IsographSemanticToken {
                                lsp_semantic_token: LspSemanticToken(
                                    2,
                                ),
                                line_behavior: Inline(
                                    InlineBehavior {
                                        space_before: SpaceBefore(
                                            true,
                                        ),
                                        space_after: SpaceAfter(
                                            true,
                                        ),
                                    },
                                ),
                                indent_change: Same,
                            },
                        },
                        WithEmbeddedLocation {
                            location: EmbeddedLocation {
                                text_source: TextSource {
                                    current_working_directory: CurrentWorkingDirectory,
                                    relative_path_to_source_file: RelativePathToSourceFile(
                                        "crates/isograph_lang_parser/fixtures/field-empty-linked-field-selection-set.input.js",
                                    ),
                                    span: Some(
                                        Span {
                                            start: 31,
                                            end: 70,
                                        },
                                    ),
                                },
                                span: Span {
                                    start: 13,
                                    end: 14,
                                },
                            },
                            item: IsographSemanticToken {
                                lsp_semantic_token: LspSemanticToken(
                                    21,
                                ),
                                line_behavior: Inline(
                                    InlineBehavior {
                                        space_before: SpaceBefore(
                                            false,
                                        ),
                                        space_after: SpaceAfter(
                                            false,
                                        ),
                                    },
                                ),
                                indent_change: Same,
                            },
                        },
                        WithEmbeddedLocation {
                            location: EmbeddedLocation {
                                text_source: TextSource {
                                    current_working_directory: CurrentWorkingDirectory,
                                    relative_path_to_source_file: RelativePathToSourceFile(
                                        "crates/isograph_lang_parser/fixtures/field-empty-linked-field-selection-set.input.js",
                                    ),
                                    span: Some(
                                        Span {
                                            start: 31,
                                            end: 70,
                                        },
                                    ),
                                },
                                span: Span {
                                    start: 14,
                                    end: 18,
                                },
                            },
                            item: IsographSemanticToken {
                                lsp_semantic_token: LspSemanticToken(
                                    13,
                                ),
                                line_behavior: Inline(
                                    InlineBehavior {
                                        space_before: SpaceBefore(
                                            true,
                                        ),
                                        space_after: SpaceAfter(
                                            true,
                                        ),
                                    },
                                ),
                                indent_change: Same,
                            },
                        },
                        WithEmbeddedLocation {
                            location: EmbeddedLocation {
                                text_source: TextSource {
                                    current_working_directory: CurrentWorkingDirectory,
                                    relative_path_to_source_file: RelativePathToSourceFile(
                                        "crates/isograph_lang_parser/fixtures/field-empty-linked-field-selection-set.input.js",
                                    ),
                                    span: Some(
                                        Span {
                                            start: 31,
                                            end: 70,
                                        },
                                    ),
                                },
                                span: Span {
                                    start: 19,
                                    end: 20,
                                },
                            },
                            item: IsographSemanticToken {
                                lsp_semantic_token: LspSemanticToken(
                                    21,
                                ),
                                line_behavior: EndsLine(
                                    EndsLineBehavior {
                                        space_before: SpaceBefore(
                                            true,
                                        ),
                                    },
                                ),
                                indent_change: Indent,
                            },
                        },
                        WithEmbeddedLocation {
                            location: EmbeddedLocation {
                                text_source: TextSource {
                                    current_working_directory: CurrentWorkingDirectory,
                                    relative_path_to_source_file: RelativePathToSourceFile(
                                        "crates/isograph_lang_parser/fixtures/field-empty-linked-field-selection-set.input.js",
                                    ),
                                    span: Some(
                                        Span {
                                            start: 31,
                                            end: 70,
                                        },
                                    ),
                                },
                                span: Span {
                                    start: 25,
                                    end: 31,
                                },
                            },
                            item: IsographSemanticToken {
                                lsp_semantic_token: LspSemanticToken(
                                    9,
                                ),
                                line_behavior: StartsNewLine(
                                    StartsNewLineBehavior {
                                        space_after: SpaceAfter(
                                            true,
                                        ),
                                    },
                                ),
                                indent_change: Same,
                            },
                        },
                        WithEmbeddedLocation {
                            location: EmbeddedLocation {
                                text_source: TextSource {
                                    current_working_directory: CurrentWorkingDirectory,
                                    relative_path_to_source_file: RelativePathToSourceFile(
                                        "crates/isograph_lang_parser/fixtures/field-empty-linked-field-selection-set.input.js",
                                    ),
                                    span: Some(
                                        Span {
                                            start: 31,
                                            end: 70,
                                        },
                                    ),
                                },
                                span: Span {
                                    start: 32,
                                    end: 33,
                                },
                            },
                            item: IsographSemanticToken {
                                lsp_semantic_token: LspSemanticToken(
                                    21,
                                ),
                                line_behavior: EndsLine(
                                    EndsLineBehavior {
                                        space_before: SpaceBefore(
                                            true,
                                        ),
                                    },
                                ),
                                indent_change: Indent,
                            },
                        },
                        WithEmbeddedLocation {
                            location: EmbeddedLocation {
                                text_source: TextSource {
                                    current_working_directory: CurrentWorkingDirectory,
                                    relative_path_to_source_file: RelativePathToSourceFile(
                                        "crates/isograph_lang_parser/fixtures/field-empty-linked-field-selection-set.input.js",
                                    ),
                                    span: Some(
                                        Span {
                                            start: 31,
                                            end: 70,
                                        },
                                    ),
                                },
                                span: Span {
                                    start: 33,
                                    end: 34,
                                },
                            },
                            item: IsographSemanticToken {
                                lsp_semantic_token: LspSemanticToken(
                                    21,
                                ),
                                line_behavior: IsOwnLine,
                                indent_change: Dedent,
                            },
                        },
                        WithEmbeddedLocation {
                            location: EmbeddedLocation {
                                text_source: TextSource {
                                    current_working_directory: CurrentWorkingDirectory,
                                    relative_path_to_source_file: RelativePathToSourceFile(
                                        "crates/isograph_lang_parser/fixtures/field-empty-linked-field-selection-set.input.js",
                                    ),
                                    span: Some(
                                        Span {
                                            start: 31,
                                            end: 70,
                                        },
                                    ),
                                },
                                span: Span {
                                    start: 37,
                                    end: 38,
                                },
                            },
                            item: IsographSemanticToken {
                                lsp_semantic_token: LspSemanticToken(
                                    21,
                                ),
                                line_behavior: IsOwnLine,
                                indent_change: Dedent,
                            },
                        },
                    ],
                },
            },
        ),
        TextSource {
            current_working_directory: CurrentWorkingDirectory,
            relative_path_to_source_file: RelativePathToSourceFile(
                "crates/isograph_lang_parser/fixtures/field-empty-linked-field-selection-set.input.js",
            ),
            span: Some(
                Span {
                    start: 31,
                    end: 70,
                },
            ),
        },
    ),
)