Err(
    [
        WithLocation {
            location: Embedded(
                EmbeddedLocation {
                    text_source: TextSource {
                        current_working_directory: CurrentWorkingDirectory,
                        relative_path_to_source_file: RelativePathToSourceFile(
                            "crates/isograph_lang_parser/fixtures/field-no-field-name.input.js",
                        ),
                        span: Some(
                            Span {
                                start: 31,
                                end: 52,
                            },
                        ),
                    },
                    span: Span {
                        start: 15,
                        end: 16,
                    },
                },
            ),
            item: ParseError {
                error: ParseTokenKindError {
                    expected_kind: Identifier,
                    found_kind: OpenBrace,
                },
            },
        },
    ],
)