Ok(
    [
        (
            ClientFieldDeclaration(
                WithSpan {
                    item: ClientFieldDeclaration {
                        const_export_name: ConstExportName(
                            "BasicField",
                        ),
                        parent_type: WithSpan {
                            item: ServerObjectEntityNameWrapper(
                                ServerObjectEntityName(
                                    "Type",
                                ),
                            ),
                            span: Span {
                                start: 9,
                                end: 13,
                            },
                        },
                        client_field_name: WithEmbeddedLocation {
                            location: EmbeddedLocation {
                                text_source: TextSource {
                                    current_working_directory: CurrentWorkingDirectory,
                                    relative_path_to_source_file: RelativePathToSourceFile(
                                        "crates/isograph_lang_parser/fixtures/field-multi-line-description.input.js",
                                    ),
                                    span: Some(
                                        Span {
                                            start: 31,
                                            end: 115,
                                        },
                                    ),
                                },
                                span: Span {
                                    start: 14,
                                    end: 18,
                                },
                            },
                            item: ClientScalarSelectableNameWrapper(
                                ClientScalarSelectableName(
                                    "Name",
                                ),
                            ),
                        },
                        description: Some(
                            WithSpan {
                                item: Description(
                                    DescriptionValue(
                                        "Look, a multi-line description.\n\nVery cool.",
                                    ),
                                ),
                                span: Span {
                                    start: 21,
                                    end: 78,
                                },
                            },
                        ),
                        selection_set: [],
                        client_field_directive_set: None(
                            EmptyDirectiveSet,
                        ),
                        variable_definitions: [],
                        definition_path: RelativePathToSourceFile(
                            "crates/isograph_lang_parser/fixtures/field-multi-line-description.input.js",
                        ),
                        semantic_tokens: [
                            WithSpan {
                                item: IsographSemanticToken {
                                    lsp_semantic_token: LspSemanticToken(
                                        15,
                                    ),
                                    line_behavior: StartsNewLine(
                                        StartsNewLineBehavior {
                                            space_after: SpaceAfter(
                                                true,
                                            ),
                                        },
                                    ),
                                    indent_change: Same,
                                },
                                span: Span {
                                    start: 3,
                                    end: 8,
                                },
                            },
                            WithSpan {
                                item: IsographSemanticToken {
                                    lsp_semantic_token: LspSemanticToken(
                                        2,
                                    ),
                                    line_behavior: Inline(
                                        InlineBehavior {
                                            space_before: SpaceBefore(
                                                true,
                                            ),
                                            space_after: SpaceAfter(
                                                true,
                                            ),
                                        },
                                    ),
                                    indent_change: Same,
                                },
                                span: Span {
                                    start: 9,
                                    end: 13,
                                },
                            },
                            WithSpan {
                                item: IsographSemanticToken {
                                    lsp_semantic_token: LspSemanticToken(
                                        21,
                                    ),
                                    line_behavior: Inline(
                                        InlineBehavior {
                                            space_before: SpaceBefore(
                                                false,
                                            ),
                                            space_after: SpaceAfter(
                                                false,
                                            ),
                                        },
                                    ),
                                    indent_change: Same,
                                },
                                span: Span {
                                    start: 13,
                                    end: 14,
                                },
                            },
                            WithSpan {
                                item: IsographSemanticToken {
                                    lsp_semantic_token: LspSemanticToken(
                                        13,
                                    ),
                                    line_behavior: Inline(
                                        InlineBehavior {
                                            space_before: SpaceBefore(
                                                true,
                                            ),
                                            space_after: SpaceAfter(
                                                true,
                                            ),
                                        },
                                    ),
                                    indent_change: Same,
                                },
                                span: Span {
                                    start: 14,
                                    end: 18,
                                },
                            },
                            WithSpan {
                                item: IsographSemanticToken {
                                    lsp_semantic_token: LspSemanticToken(
                                        17,
                                    ),
                                    line_behavior: IsOwnLine,
                                    indent_change: Same,
                                },
                                span: Span {
                                    start: 21,
                                    end: 78,
                                },
                            },
                            WithSpan {
                                item: IsographSemanticToken {
                                    lsp_semantic_token: LspSemanticToken(
                                        21,
                                    ),
                                    line_behavior: EndsLine(
                                        EndsLineBehavior {
                                            space_before: SpaceBefore(
                                                true,
                                            ),
                                        },
                                    ),
                                    indent_change: Indent,
                                },
                                span: Span {
                                    start: 81,
                                    end: 82,
                                },
                            },
                            WithSpan {
                                item: IsographSemanticToken {
                                    lsp_semantic_token: LspSemanticToken(
                                        21,
                                    ),
                                    line_behavior: IsOwnLine,
                                    indent_change: Dedent,
                                },
                                span: Span {
                                    start: 82,
                                    end: 83,
                                },
                            },
                        ],
                    },
                    span: Span {
                        start: 9,
                        end: 83,
                    },
                },
            ),
            TextSource {
                current_working_directory: CurrentWorkingDirectory,
                relative_path_to_source_file: RelativePathToSourceFile(
                    "crates/isograph_lang_parser/fixtures/field-multi-line-description.input.js",
                ),
                span: Some(
                    Span {
                        start: 31,
                        end: 115,
                    },
                ),
            },
        ),
    ],
)