Ok(
    (
        ClientFieldDeclaration(
            WithGenericLocation {
                item: ClientFieldDeclaration {
                    const_export_name: ConstExportName(
                        "ValidArgs",
                    ),
                    parent_type: WithGenericLocation {
                        item: EntityNameWrapper(
                            EntityName(
                                "Type",
                            ),
                        ),
                        location: EmbeddedLocation {
                            text_source: TextSource {
                                relative_path_to_source_file: RelativePathToSourceFile(
                                    "crates/isograph_lang_parser/fixtures/field-args-variable.input.js",
                                ),
                                span: Some(
                                    Span {
                                        start: 30,
                                        end: 76,
                                    },
                                ),
                            },
                            span: Span {
                                start: 9,
                                end: 13,
                            },
                        },
                    },
                    client_field_name: WithGenericLocation {
                        item: ClientScalarSelectableNameWrapper(
                            SelectableName(
                                "Name",
                            ),
                        ),
                        location: EmbeddedLocation {
                            text_source: TextSource {
                                relative_path_to_source_file: RelativePathToSourceFile(
                                    "crates/isograph_lang_parser/fixtures/field-args-variable.input.js",
                                ),
                                span: Some(
                                    Span {
                                        start: 30,
                                        end: 76,
                                    },
                                ),
                            },
                            span: Span {
                                start: 14,
                                end: 18,
                            },
                        },
                    },
                    description: None,
                    selection_set: WithGenericLocation {
                        item: SelectionSet {
                            selections: [
                                WithGenericLocation {
                                    item: Scalar(
                                        ScalarSelection {
                                            name: WithGenericLocation {
                                                item: SelectableName(
                                                    "args",
                                                ),
                                                location: EmbeddedLocation {
                                                    text_source: TextSource {
                                                        relative_path_to_source_file: RelativePathToSourceFile(
                                                            "crates/isograph_lang_parser/fixtures/field-args-variable.input.js",
                                                        ),
                                                        span: Some(
                                                            Span {
                                                                start: 30,
                                                                end: 76,
                                                            },
                                                        ),
                                                    },
                                                    span: Span {
                                                        start: 25,
                                                        end: 29,
                                                    },
                                                },
                                            },
                                            reader_alias: None,
                                            arguments: [
                                                WithGenericLocation {
                                                    item: SelectionFieldArgument {
                                                        name: WithGenericLocation {
                                                            item: FieldArgumentName(
                                                                "arg1",
                                                            ),
                                                            location: EmbeddedLocation {
                                                                text_source: TextSource {
                                                                    relative_path_to_source_file: RelativePathToSourceFile(
                                                                        "crates/isograph_lang_parser/fixtures/field-args-variable.input.js",
                                                                    ),
                                                                    span: Some(
                                                                        Span {
                                                                            start: 30,
                                                                            end: 76,
                                                                        },
                                                                    ),
                                                                },
                                                                span: Span {
                                                                    start: 30,
                                                                    end: 34,
                                                                },
                                                            },
                                                        },
                                                        value: WithGenericLocation {
                                                            item: Variable(
                                                                VariableNameWrapper(
                                                                    VariableName(
                                                                        "var",
                                                                    ),
                                                                ),
                                                            ),
                                                            location: EmbeddedLocation {
                                                                text_source: TextSource {
                                                                    relative_path_to_source_file: RelativePathToSourceFile(
                                                                        "crates/isograph_lang_parser/fixtures/field-args-variable.input.js",
                                                                    ),
                                                                    span: Some(
                                                                        Span {
                                                                            start: 30,
                                                                            end: 76,
                                                                        },
                                                                    ),
                                                                },
                                                                span: Span {
                                                                    start: 37,
                                                                    end: 40,
                                                                },
                                                            },
                                                        },
                                                    },
                                                    location: EmbeddedLocation {
                                                        text_source: TextSource {
                                                            relative_path_to_source_file: RelativePathToSourceFile(
                                                                "crates/isograph_lang_parser/fixtures/field-args-variable.input.js",
                                                            ),
                                                            span: Some(
                                                                Span {
                                                                    start: 30,
                                                                    end: 76,
                                                                },
                                                            ),
                                                        },
                                                        span: Span {
                                                            start: 30,
                                                            end: 40,
                                                        },
                                                    },
                                                },
                                            ],
                                            scalar_selection_directive_set: None(
                                                EmptyDirectiveSet,
                                            ),
                                        },
                                    ),
                                    location: EmbeddedLocation {
                                        text_source: TextSource {
                                            relative_path_to_source_file: RelativePathToSourceFile(
                                                "crates/isograph_lang_parser/fixtures/field-args-variable.input.js",
                                            ),
                                            span: Some(
                                                Span {
                                                    start: 30,
                                                    end: 76,
                                                },
                                            ),
                                        },
                                        span: Span {
                                            start: 25,
                                            end: 41,
                                        },
                                    },
                                },
                            ],
                        },
                        location: EmbeddedLocation {
                            text_source: TextSource {
                                relative_path_to_source_file: RelativePathToSourceFile(
                                    "crates/isograph_lang_parser/fixtures/field-args-variable.input.js",
                                ),
                                span: Some(
                                    Span {
                                        start: 30,
                                        end: 76,
                                    },
                                ),
                            },
                            span: Span {
                                start: 19,
                                end: 45,
                            },
                        },
                    },
                    directive_set: WithGenericLocation {
                        item: [],
                        location: EmbeddedLocation {
                            text_source: TextSource {
                                relative_path_to_source_file: RelativePathToSourceFile(
                                    "crates/isograph_lang_parser/fixtures/field-args-variable.input.js",
                                ),
                                span: Some(
                                    Span {
                                        start: 30,
                                        end: 76,
                                    },
                                ),
                            },
                            span: Span {
                                start: 0,
                                end: 0,
                            },
                        },
                    },
                    variable_definitions: [],
                    definition_path: RelativePathToSourceFile(
                        "crates/isograph_lang_parser/fixtures/field-args-variable.input.js",
                    ),
                    semantic_tokens: [
                        WithGenericLocation {
                            item: IsographSemanticToken {
                                lsp_semantic_token: LspSemanticToken(
                                    15,
                                ),
                                line_behavior: StartsNewLine(
                                    StartsNewLineBehavior {
                                        space_after: SpaceAfter(
                                            true,
                                        ),
                                    },
                                ),
                                indent_change: Same,
                            },
                            location: EmbeddedLocation {
                                text_source: TextSource {
                                    relative_path_to_source_file: RelativePathToSourceFile(
                                        "crates/isograph_lang_parser/fixtures/field-args-variable.input.js",
                                    ),
                                    span: Some(
                                        Span {
                                            start: 30,
                                            end: 76,
                                        },
                                    ),
                                },
                                span: Span {
                                    start: 3,
                                    end: 8,
                                },
                            },
                        },
                        WithGenericLocation {
                            item: IsographSemanticToken {
                                lsp_semantic_token: LspSemanticToken(
                                    2,
                                ),
                                line_behavior: Inline(
                                    InlineBehavior {
                                        space_before: SpaceBefore(
                                            true,
                                        ),
                                        space_after: SpaceAfter(
                                            true,
                                        ),
                                    },
                                ),
                                indent_change: Same,
                            },
                            location: EmbeddedLocation {
                                text_source: TextSource {
                                    relative_path_to_source_file: RelativePathToSourceFile(
                                        "crates/isograph_lang_parser/fixtures/field-args-variable.input.js",
                                    ),
                                    span: Some(
                                        Span {
                                            start: 30,
                                            end: 76,
                                        },
                                    ),
                                },
                                span: Span {
                                    start: 9,
                                    end: 13,
                                },
                            },
                        },
                        WithGenericLocation {
                            item: IsographSemanticToken {
                                lsp_semantic_token: LspSemanticToken(
                                    21,
                                ),
                                line_behavior: Inline(
                                    InlineBehavior {
                                        space_before: SpaceBefore(
                                            false,
                                        ),
                                        space_after: SpaceAfter(
                                            false,
                                        ),
                                    },
                                ),
                                indent_change: Same,
                            },
                            location: EmbeddedLocation {
                                text_source: TextSource {
                                    relative_path_to_source_file: RelativePathToSourceFile(
                                        "crates/isograph_lang_parser/fixtures/field-args-variable.input.js",
                                    ),
                                    span: Some(
                                        Span {
                                            start: 30,
                                            end: 76,
                                        },
                                    ),
                                },
                                span: Span {
                                    start: 13,
                                    end: 14,
                                },
                            },
                        },
                        WithGenericLocation {
                            item: IsographSemanticToken {
                                lsp_semantic_token: LspSemanticToken(
                                    13,
                                ),
                                line_behavior: Inline(
                                    InlineBehavior {
                                        space_before: SpaceBefore(
                                            true,
                                        ),
                                        space_after: SpaceAfter(
                                            true,
                                        ),
                                    },
                                ),
                                indent_change: Same,
                            },
                            location: EmbeddedLocation {
                                text_source: TextSource {
                                    relative_path_to_source_file: RelativePathToSourceFile(
                                        "crates/isograph_lang_parser/fixtures/field-args-variable.input.js",
                                    ),
                                    span: Some(
                                        Span {
                                            start: 30,
                                            end: 76,
                                        },
                                    ),
                                },
                                span: Span {
                                    start: 14,
                                    end: 18,
                                },
                            },
                        },
                        WithGenericLocation {
                            item: IsographSemanticToken {
                                lsp_semantic_token: LspSemanticToken(
                                    21,
                                ),
                                line_behavior: EndsLine(
                                    EndsLineBehavior {
                                        space_before: SpaceBefore(
                                            true,
                                        ),
                                    },
                                ),
                                indent_change: Indent,
                            },
                            location: EmbeddedLocation {
                                text_source: TextSource {
                                    relative_path_to_source_file: RelativePathToSourceFile(
                                        "crates/isograph_lang_parser/fixtures/field-args-variable.input.js",
                                    ),
                                    span: Some(
                                        Span {
                                            start: 30,
                                            end: 76,
                                        },
                                    ),
                                },
                                span: Span {
                                    start: 19,
                                    end: 20,
                                },
                            },
                        },
                        WithGenericLocation {
                            item: IsographSemanticToken {
                                lsp_semantic_token: LspSemanticToken(
                                    9,
                                ),
                                line_behavior: StartsNewLine(
                                    StartsNewLineBehavior {
                                        space_after: SpaceAfter(
                                            true,
                                        ),
                                    },
                                ),
                                indent_change: Same,
                            },
                            location: EmbeddedLocation {
                                text_source: TextSource {
                                    relative_path_to_source_file: RelativePathToSourceFile(
                                        "crates/isograph_lang_parser/fixtures/field-args-variable.input.js",
                                    ),
                                    span: Some(
                                        Span {
                                            start: 30,
                                            end: 76,
                                        },
                                    ),
                                },
                                span: Span {
                                    start: 25,
                                    end: 29,
                                },
                            },
                        },
                        WithGenericLocation {
                            item: IsographSemanticToken {
                                lsp_semantic_token: LspSemanticToken(
                                    21,
                                ),
                                line_behavior: EndsLine(
                                    EndsLineBehavior {
                                        space_before: SpaceBefore(
                                            false,
                                        ),
                                    },
                                ),
                                indent_change: Indent,
                            },
                            location: EmbeddedLocation {
                                text_source: TextSource {
                                    relative_path_to_source_file: RelativePathToSourceFile(
                                        "crates/isograph_lang_parser/fixtures/field-args-variable.input.js",
                                    ),
                                    span: Some(
                                        Span {
                                            start: 30,
                                            end: 76,
                                        },
                                    ),
                                },
                                span: Span {
                                    start: 29,
                                    end: 30,
                                },
                            },
                        },
                        WithGenericLocation {
                            item: IsographSemanticToken {
                                lsp_semantic_token: LspSemanticToken(
                                    7,
                                ),
                                line_behavior: StartsNewLine(
                                    StartsNewLineBehavior {
                                        space_after: SpaceAfter(
                                            true,
                                        ),
                                    },
                                ),
                                indent_change: Same,
                            },
                            location: EmbeddedLocation {
                                text_source: TextSource {
                                    relative_path_to_source_file: RelativePathToSourceFile(
                                        "crates/isograph_lang_parser/fixtures/field-args-variable.input.js",
                                    ),
                                    span: Some(
                                        Span {
                                            start: 30,
                                            end: 76,
                                        },
                                    ),
                                },
                                span: Span {
                                    start: 30,
                                    end: 34,
                                },
                            },
                        },
                        WithGenericLocation {
                            item: IsographSemanticToken {
                                lsp_semantic_token: LspSemanticToken(
                                    21,
                                ),
                                line_behavior: Inline(
                                    InlineBehavior {
                                        space_before: SpaceBefore(
                                            false,
                                        ),
                                        space_after: SpaceAfter(
                                            true,
                                        ),
                                    },
                                ),
                                indent_change: Same,
                            },
                            location: EmbeddedLocation {
                                text_source: TextSource {
                                    relative_path_to_source_file: RelativePathToSourceFile(
                                        "crates/isograph_lang_parser/fixtures/field-args-variable.input.js",
                                    ),
                                    span: Some(
                                        Span {
                                            start: 30,
                                            end: 76,
                                        },
                                    ),
                                },
                                span: Span {
                                    start: 34,
                                    end: 35,
                                },
                            },
                        },
                        WithGenericLocation {
                            item: IsographSemanticToken {
                                lsp_semantic_token: LspSemanticToken(
                                    8,
                                ),
                                line_behavior: Inline(
                                    InlineBehavior {
                                        space_before: SpaceBefore(
                                            true,
                                        ),
                                        space_after: SpaceAfter(
                                            false,
                                        ),
                                    },
                                ),
                                indent_change: Same,
                            },
                            location: EmbeddedLocation {
                                text_source: TextSource {
                                    relative_path_to_source_file: RelativePathToSourceFile(
                                        "crates/isograph_lang_parser/fixtures/field-args-variable.input.js",
                                    ),
                                    span: Some(
                                        Span {
                                            start: 30,
                                            end: 76,
                                        },
                                    ),
                                },
                                span: Span {
                                    start: 36,
                                    end: 37,
                                },
                            },
                        },
                        WithGenericLocation {
                            item: IsographSemanticToken {
                                lsp_semantic_token: LspSemanticToken(
                                    8,
                                ),
                                line_behavior: Inline(
                                    InlineBehavior {
                                        space_before: SpaceBefore(
                                            false,
                                        ),
                                        space_after: SpaceAfter(
                                            false,
                                        ),
                                    },
                                ),
                                indent_change: Same,
                            },
                            location: EmbeddedLocation {
                                text_source: TextSource {
                                    relative_path_to_source_file: RelativePathToSourceFile(
                                        "crates/isograph_lang_parser/fixtures/field-args-variable.input.js",
                                    ),
                                    span: Some(
                                        Span {
                                            start: 30,
                                            end: 76,
                                        },
                                    ),
                                },
                                span: Span {
                                    start: 37,
                                    end: 40,
                                },
                            },
                        },
                        WithGenericLocation {
                            item: IsographSemanticToken {
                                lsp_semantic_token: LspSemanticToken(
                                    21,
                                ),
                                line_behavior: StartsNewLine(
                                    StartsNewLineBehavior {
                                        space_after: SpaceAfter(
                                            true,
                                        ),
                                    },
                                ),
                                indent_change: Dedent,
                            },
                            location: EmbeddedLocation {
                                text_source: TextSource {
                                    relative_path_to_source_file: RelativePathToSourceFile(
                                        "crates/isograph_lang_parser/fixtures/field-args-variable.input.js",
                                    ),
                                    span: Some(
                                        Span {
                                            start: 30,
                                            end: 76,
                                        },
                                    ),
                                },
                                span: Span {
                                    start: 40,
                                    end: 41,
                                },
                            },
                        },
                        WithGenericLocation {
                            item: IsographSemanticToken {
                                lsp_semantic_token: LspSemanticToken(
                                    21,
                                ),
                                line_behavior: IsOwnLine,
                                indent_change: Dedent,
                            },
                            location: EmbeddedLocation {
                                text_source: TextSource {
                                    relative_path_to_source_file: RelativePathToSourceFile(
                                        "crates/isograph_lang_parser/fixtures/field-args-variable.input.js",
                                    ),
                                    span: Some(
                                        Span {
                                            start: 30,
                                            end: 76,
                                        },
                                    ),
                                },
                                span: Span {
                                    start: 44,
                                    end: 45,
                                },
                            },
                        },
                    ],
                },
                location: EmbeddedLocation {
                    text_source: TextSource {
                        relative_path_to_source_file: RelativePathToSourceFile(
                            "crates/isograph_lang_parser/fixtures/field-args-variable.input.js",
                        ),
                        span: Some(
                            Span {
                                start: 30,
                                end: 76,
                            },
                        ),
                    },
                    span: Span {
                        start: 9,
                        end: 45,
                    },
                },
            },
        ),
        TextSource {
            relative_path_to_source_file: RelativePathToSourceFile(
                "crates/isograph_lang_parser/fixtures/field-args-variable.input.js",
            ),
            span: Some(
                Span {
                    start: 30,
                    end: 76,
                },
            ),
        },
    ),
)