Err(
    [
        WithLocation {
            location: Embedded(
                EmbeddedLocation {
                    text_source: TextSource {
                        current_working_directory: CurrentWorkingDirectory,
                        relative_path_to_source_file: RelativePathToSourceFile(
                            "crates/isograph_lang_parser/fixtures/field-no-parens.input.js",
                        ),
                        span: Some(
                            Span {
                                start: 31,
                                end: 56,
                            },
                        ),
                    },
                    span: Span {
                        start: 0,
                        end: 0,
                    },
                },
            ),
            item: ExpectedAssociatedJsFunction,
        },
    ],
)