Ok(
    [
        (
            ClientFieldDeclaration(
                WithSpan {
                    item: ClientFieldDeclaration {
                        const_export_name: ConstExportName(
                            "ValidArgs",
                        ),
                        parent_type: WithSpan {
                            item: ServerObjectEntityNameWrapper(
                                UnvalidatedTypeName(
                                    "Type",
                                ),
                            ),
                            span: Span {
                                start: 9,
                                end: 13,
                            },
                        },
                        client_field_name: WithSpan {
                            item: ClientScalarSelectableNameWrapper(
                                ClientScalarSelectableName(
                                    "Name",
                                ),
                            ),
                            span: Span {
                                start: 14,
                                end: 18,
                            },
                        },
                        description: None,
                        selection_set: [
                            WithSpan {
                                item: Scalar(
                                    ScalarSelection {
                                        name: WithLocation {
                                            location: Embedded(
                                                EmbeddedLocation {
                                                    text_source: TextSource {
                                                        current_working_directory: CurrentWorkingDirectory,
                                                        relative_path_to_source_file: RelativePathToSourceFile(
                                                            "crates/isograph_lang_parser/fixtures/field-args-number.input.js",
                                                        ),
                                                        span: Some(
                                                            Span {
                                                                start: 30,
                                                                end: 75,
                                                            },
                                                        ),
                                                    },
                                                    span: Span {
                                                        start: 25,
                                                        end: 29,
                                                    },
                                                },
                                            ),
                                            item: ScalarSelectableName(
                                                "args",
                                            ),
                                        },
                                        reader_alias: None,
                                        associated_data: (),
                                        arguments: [
                                            WithLocation {
                                                location: Embedded(
                                                    EmbeddedLocation {
                                                        text_source: TextSource {
                                                            current_working_directory: CurrentWorkingDirectory,
                                                            relative_path_to_source_file: RelativePathToSourceFile(
                                                                "crates/isograph_lang_parser/fixtures/field-args-number.input.js",
                                                            ),
                                                            span: Some(
                                                                Span {
                                                                    start: 30,
                                                                    end: 75,
                                                                },
                                                            ),
                                                        },
                                                        span: Span {
                                                            start: 30,
                                                            end: 39,
                                                        },
                                                    },
                                                ),
                                                item: SelectionFieldArgument {
                                                    name: WithSpan {
                                                        item: FieldArgumentName(
                                                            "arg1",
                                                        ),
                                                        span: Span {
                                                            start: 30,
                                                            end: 34,
                                                        },
                                                    },
                                                    value: WithLocation {
                                                        location: Embedded(
                                                            EmbeddedLocation {
                                                                text_source: TextSource {
                                                                    current_working_directory: CurrentWorkingDirectory,
                                                                    relative_path_to_source_file: RelativePathToSourceFile(
                                                                        "crates/isograph_lang_parser/fixtures/field-args-number.input.js",
                                                                    ),
                                                                    span: Some(
                                                                        Span {
                                                                            start: 30,
                                                                            end: 75,
                                                                        },
                                                                    ),
                                                                },
                                                                span: Span {
                                                                    start: 36,
                                                                    end: 39,
                                                                },
                                                            },
                                                        ),
                                                        item: Integer(
                                                            123,
                                                        ),
                                                    },
                                                },
                                            },
                                        ],
                                        scalar_selection_directive_set: None(
                                            EmptyDirectiveSet,
                                        ),
                                    },
                                ),
                                span: Span {
                                    start: 25,
                                    end: 40,
                                },
                            },
                        ],
                        client_field_directive_set: None(
                            EmptyDirectiveSet,
                        ),
                        variable_definitions: [],
                        definition_path: RelativePathToSourceFile(
                            "crates/isograph_lang_parser/fixtures/field-args-number.input.js",
                        ),
                        semantic_tokens: [
                            WithSpan {
                                item: IsographSemanticToken(
                                    15,
                                ),
                                span: Span {
                                    start: 3,
                                    end: 8,
                                },
                            },
                            WithSpan {
                                item: IsographSemanticToken(
                                    2,
                                ),
                                span: Span {
                                    start: 9,
                                    end: 13,
                                },
                            },
                            WithSpan {
                                item: IsographSemanticToken(
                                    21,
                                ),
                                span: Span {
                                    start: 13,
                                    end: 14,
                                },
                            },
                            WithSpan {
                                item: IsographSemanticToken(
                                    13,
                                ),
                                span: Span {
                                    start: 14,
                                    end: 18,
                                },
                            },
                            WithSpan {
                                item: IsographSemanticToken(
                                    21,
                                ),
                                span: Span {
                                    start: 19,
                                    end: 20,
                                },
                            },
                            WithSpan {
                                item: IsographSemanticToken(
                                    9,
                                ),
                                span: Span {
                                    start: 25,
                                    end: 29,
                                },
                            },
                            WithSpan {
                                item: IsographSemanticToken(
                                    21,
                                ),
                                span: Span {
                                    start: 29,
                                    end: 30,
                                },
                            },
                            WithSpan {
                                item: IsographSemanticToken(
                                    7,
                                ),
                                span: Span {
                                    start: 30,
                                    end: 34,
                                },
                            },
                            WithSpan {
                                item: IsographSemanticToken(
                                    21,
                                ),
                                span: Span {
                                    start: 34,
                                    end: 35,
                                },
                            },
                            WithSpan {
                                item: IsographSemanticToken(
                                    19,
                                ),
                                span: Span {
                                    start: 36,
                                    end: 39,
                                },
                            },
                            WithSpan {
                                item: IsographSemanticToken(
                                    21,
                                ),
                                span: Span {
                                    start: 39,
                                    end: 40,
                                },
                            },
                            WithSpan {
                                item: IsographSemanticToken(
                                    21,
                                ),
                                span: Span {
                                    start: 43,
                                    end: 44,
                                },
                            },
                        ],
                    },
                    span: Span {
                        start: 9,
                        end: 44,
                    },
                },
            ),
            TextSource {
                current_working_directory: CurrentWorkingDirectory,
                relative_path_to_source_file: RelativePathToSourceFile(
                    "crates/isograph_lang_parser/fixtures/field-args-number.input.js",
                ),
                span: Some(
                    Span {
                        start: 30,
                        end: 75,
                    },
                ),
            },
        ),
    ],
)