Err(
    Diagnostic(
        DiagnosticData {
            message: "Expected non-variable identifier (e.g. 'x' or 'Foo'), but found end of file",
            location: Some(
                Embedded(
                    EmbeddedLocation {
                        text_source: TextSource {
                            relative_path_to_source_file: RelativePathToSourceFile(
                                "crates/isograph_lang_parser/fixtures/field-unclosed.input.js",
                            ),
                            span: Some(
                                Span {
                                    start: 31,
                                    end: 52,
                                },
                            ),
                        },
                        span: Span {
                            start: 21,
                            end: 21,
                        },
                    },
                ),
            ),
            code_actions: [],
        },
    ),
)


Expected non-variable identifier (e.g. 'x' or 'Foo'), but found end of file
crates/isograph_lang_parser/fixtures/field-unclosed.input.js

---
