Ok(
    (
        RelativePathToSourceFile(
            "\\\\?\\E:\\projekty-next\\isograph\\crates\\isograph_lang_parser\\fixtures\\field-single-line-description.input.js",
        ),
        [
            (
                ClientFieldDeclaration(
                    WithSpan {
                        item: ClientFieldDeclaration {
                            const_export_name: ConstExportName(
                                "BasicField",
                            ),
                            parent_type: WithSpan {
                                item: UnvalidatedTypeName(
                                    "Type",
                                ),
                                span: Span {
                                    start: 9,
                                    end: 13,
                                },
                            },
                            client_field_name: WithSpan {
                                item: ScalarFieldName(
                                    "Name",
                                ),
                                span: Span {
                                    start: 14,
                                    end: 18,
                                },
                            },
                            description: Some(
                                WithSpan {
                                    item: DescriptionValue(
                                        "It's a bit weird to have a single line description, I think, but it's allowed",
                                    ),
                                    span: Span {
                                        start: 21,
                                        end: 100,
                                    },
                                },
                            ),
                            selection_set: [],
                            directives: [],
                            variable_definitions: [],
                            definition_path: RelativePathToSourceFile(
                                "\\\\?\\E:\\projekty-next\\isograph\\crates\\isograph_lang_parser\\fixtures\\field-single-line-description.input.js",
                            ),
                            field_keyword: WithSpan {
                                item: (),
                                span: Span {
                                    start: 3,
                                    end: 8,
                                },
                            },
                            dot: WithSpan {
                                item: (),
                                span: Span {
                                    start: 13,
                                    end: 14,
                                },
                            },
                        },
                        span: Span {
                            start: 9,
                            end: 105,
                        },
                    },
                ),
                TextSource {
                    current_working_directory: CurrentWorkingDirectory,
                    relative_path_to_source_file: RelativePathToSourceFile(
                        "\\\\?\\E:\\projekty-next\\isograph\\crates\\isograph_lang_parser\\fixtures\\field-single-line-description.input.js",
                    ),
                    span: Some(
                        Span {
                            start: 31,
                            end: 137,
                        },
                    ),
                },
            ),
        ],
    ),
)