Err(
    Diagnostic(
        DiagnosticData {
            message: "data did not match any variant of untagged enum ScalarSelectionDirectiveSet",
            location: None,
        },
    ),
)

data did not match any variant of untagged enum ScalarSelectionDirectiveSet
---
Err(
    Diagnostic(
        DiagnosticData {
            message: "data did not match any variant of untagged enum ObjectSelectionDirectiveSet",
            location: None,
        },
    ),
)

data did not match any variant of untagged enum ObjectSelectionDirectiveSet
---
Err(
    Diagnostic(
        DiagnosticData {
            message: "data did not match any variant of untagged enum ObjectSelectionDirectiveSet",
            location: None,
        },
    ),
)

data did not match any variant of untagged enum ObjectSelectionDirectiveSet
---
Err(
    Diagnostic(
        DiagnosticData {
            message: "data did not match any variant of untagged enum ObjectSelectionDirectiveSet",
            location: None,
        },
    ),
)

data did not match any variant of untagged enum ObjectSelectionDirectiveSet
---
