Err(
    [
        WithLocation {
            location: Embedded(
                EmbeddedLocation {
                    text_source: TextSource {
                        current_working_directory: CurrentWorkingDirectory,
                        relative_path_to_source_file: RelativePathToSourceFile(
                            "crates/isograph_lang_parser/fixtures/field-directives-after-open-curly.input.js",
                        ),
                        span: Some(
                            Span {
                                start: 31,
                                end: 86,
                            },
                        ),
                    },
                    span: Span {
                        start: 40,
                        end: 41,
                    },
                },
            ),
            item: ParseError {
                error: ParseTokenKindError {
                    expected_kind: Identifier,
                    found_kind: At,
                },
            },
        },
        WithLocation {
            location: Embedded(
                EmbeddedLocation {
                    text_source: TextSource {
                        current_working_directory: CurrentWorkingDirectory,
                        relative_path_to_source_file: RelativePathToSourceFile(
                            "crates/isograph_lang_parser/fixtures/field-directives-after-open-curly.input.js",
                        ),
                        span: Some(
                            Span {
                                start: 125,
                                end: 159,
                            },
                        ),
                    },
                    span: Span {
                        start: 25,
                        end: 26,
                    },
                },
            ),
            item: ParseError {
                error: ParseTokenKindError {
                    expected_kind: Identifier,
                    found_kind: At,
                },
            },
        },
    ],
)