Err(
    Diagnostic(
        DiagnosticData {
            message: "Expected a line break.",
            location: Some(
                Embedded(
                    EmbeddedLocation {
                        text_source: TextSource {
                            relative_path_to_source_file: RelativePathToSourceFile(
                                "crates/isograph_lang_parser/fixtures/field-grabbag-field-set.input.js",
                            ),
                            span: Some(
                                Span {
                                    start: 31,
                                    end: 261,
                                },
                            ),
                        },
                        span: Span {
                            start: 130,
                            end: 132,
                        },
                    },
                ),
            ),
            code_actions: [],
        },
    ),
)


Expected a line break.
crates/isograph_lang_parser/fixtures/field-grabbag-field-set.input.js
      blah
    },
    multiple, on, the, same, line
              ^^                 
    including, youCanEndWithALinkedField {
      butWhyWouldYouDoThat
---
