Ok(
    (
        ClientFieldDeclaration(
            WithSpan {
                item: ClientFieldDeclaration {
                    const_export_name: ConstExportName(
                        "BasicField",
                    ),
                    parent_type: WithEmbeddedLocation {
                        location: EmbeddedLocation {
                            text_source: TextSource {
                                current_working_directory: CurrentWorkingDirectory,
                                relative_path_to_source_file: RelativePathToSourceFile(
                                    "crates/isograph_lang_parser/fixtures/field-directives-on-definition-invalid.input.js",
                                ),
                                span: Some(
                                    Span {
                                        start: 31,
                                        end: 70,
                                    },
                                ),
                            },
                            span: Span {
                                start: 9,
                                end: 13,
                            },
                        },
                        item: EntityNameWrapper(
                            EntityName(
                                "Type",
                            ),
                        ),
                    },
                    client_field_name: WithEmbeddedLocation {
                        location: EmbeddedLocation {
                            text_source: TextSource {
                                current_working_directory: CurrentWorkingDirectory,
                                relative_path_to_source_file: RelativePathToSourceFile(
                                    "crates/isograph_lang_parser/fixtures/field-directives-on-definition-invalid.input.js",
                                ),
                                span: Some(
                                    Span {
                                        start: 31,
                                        end: 70,
                                    },
                                ),
                            },
                            span: Span {
                                start: 14,
                                end: 18,
                            },
                        },
                        item: ClientScalarSelectableNameWrapper(
                            SelectableName(
                                "Name",
                            ),
                        ),
                    },
                    description: None,
                    selection_set: WithSpan {
                        item: SelectionSet {
                            selections: [],
                        },
                        span: Span {
                            start: 33,
                            end: 38,
                        },
                    },
                    client_scalar_selectable_directive_set: Err(
                        Diagnostic(
                            DiagnosticData {
                                message: "data did not match any variant of untagged enum ClientScalarSelectableDirectiveSet",
                                location: None,
                                code_actions: [],
                            },
                        ),
                    ),
                    variable_definitions: [],
                    definition_path: RelativePathToSourceFile(
                        "crates/isograph_lang_parser/fixtures/field-directives-on-definition-invalid.input.js",
                    ),
                    semantic_tokens: [
                        WithSpan {
                            item: IsographSemanticToken {
                                lsp_semantic_token: LspSemanticToken(
                                    15,
                                ),
                                line_behavior: StartsNewLine(
                                    StartsNewLineBehavior {
                                        space_after: SpaceAfter(
                                            true,
                                        ),
                                    },
                                ),
                                indent_change: Same,
                            },
                            span: Span {
                                start: 3,
                                end: 8,
                            },
                        },
                        WithSpan {
                            item: IsographSemanticToken {
                                lsp_semantic_token: LspSemanticToken(
                                    2,
                                ),
                                line_behavior: Inline(
                                    InlineBehavior {
                                        space_before: SpaceBefore(
                                            true,
                                        ),
                                        space_after: SpaceAfter(
                                            true,
                                        ),
                                    },
                                ),
                                indent_change: Same,
                            },
                            span: Span {
                                start: 9,
                                end: 13,
                            },
                        },
                        WithSpan {
                            item: IsographSemanticToken {
                                lsp_semantic_token: LspSemanticToken(
                                    21,
                                ),
                                line_behavior: Inline(
                                    InlineBehavior {
                                        space_before: SpaceBefore(
                                            false,
                                        ),
                                        space_after: SpaceAfter(
                                            false,
                                        ),
                                    },
                                ),
                                indent_change: Same,
                            },
                            span: Span {
                                start: 13,
                                end: 14,
                            },
                        },
                        WithSpan {
                            item: IsographSemanticToken {
                                lsp_semantic_token: LspSemanticToken(
                                    13,
                                ),
                                line_behavior: Inline(
                                    InlineBehavior {
                                        space_before: SpaceBefore(
                                            true,
                                        ),
                                        space_after: SpaceAfter(
                                            true,
                                        ),
                                    },
                                ),
                                indent_change: Same,
                            },
                            span: Span {
                                start: 14,
                                end: 18,
                            },
                        },
                        WithSpan {
                            item: IsographSemanticToken {
                                lsp_semantic_token: LspSemanticToken(
                                    22,
                                ),
                                line_behavior: Inline(
                                    InlineBehavior {
                                        space_before: SpaceBefore(
                                            true,
                                        ),
                                        space_after: SpaceAfter(
                                            false,
                                        ),
                                    },
                                ),
                                indent_change: Same,
                            },
                            span: Span {
                                start: 19,
                                end: 20,
                            },
                        },
                        WithSpan {
                            item: IsographSemanticToken {
                                lsp_semantic_token: LspSemanticToken(
                                    22,
                                ),
                                line_behavior: Inline(
                                    InlineBehavior {
                                        space_before: SpaceBefore(
                                            false,
                                        ),
                                        space_after: SpaceAfter(
                                            true,
                                        ),
                                    },
                                ),
                                indent_change: Same,
                            },
                            span: Span {
                                start: 20,
                                end: 25,
                            },
                        },
                        WithSpan {
                            item: IsographSemanticToken {
                                lsp_semantic_token: LspSemanticToken(
                                    22,
                                ),
                                line_behavior: Inline(
                                    InlineBehavior {
                                        space_before: SpaceBefore(
                                            true,
                                        ),
                                        space_after: SpaceAfter(
                                            false,
                                        ),
                                    },
                                ),
                                indent_change: Same,
                            },
                            span: Span {
                                start: 26,
                                end: 27,
                            },
                        },
                        WithSpan {
                            item: IsographSemanticToken {
                                lsp_semantic_token: LspSemanticToken(
                                    22,
                                ),
                                line_behavior: Inline(
                                    InlineBehavior {
                                        space_before: SpaceBefore(
                                            false,
                                        ),
                                        space_after: SpaceAfter(
                                            true,
                                        ),
                                    },
                                ),
                                indent_change: Same,
                            },
                            span: Span {
                                start: 27,
                                end: 32,
                            },
                        },
                        WithSpan {
                            item: IsographSemanticToken {
                                lsp_semantic_token: LspSemanticToken(
                                    21,
                                ),
                                line_behavior: EndsLine(
                                    EndsLineBehavior {
                                        space_before: SpaceBefore(
                                            true,
                                        ),
                                    },
                                ),
                                indent_change: Indent,
                            },
                            span: Span {
                                start: 33,
                                end: 34,
                            },
                        },
                        WithSpan {
                            item: IsographSemanticToken {
                                lsp_semantic_token: LspSemanticToken(
                                    21,
                                ),
                                line_behavior: IsOwnLine,
                                indent_change: Dedent,
                            },
                            span: Span {
                                start: 37,
                                end: 38,
                            },
                        },
                    ],
                },
                span: Span {
                    start: 9,
                    end: 38,
                },
            },
        ),
        TextSource {
            current_working_directory: CurrentWorkingDirectory,
            relative_path_to_source_file: RelativePathToSourceFile(
                "crates/isograph_lang_parser/fixtures/field-directives-on-definition-invalid.input.js",
            ),
            span: Some(
                Span {
                    start: 31,
                    end: 70,
                },
            ),
        },
    ),
)