Ok(
    (
        RelativePathToSourceFile(
            "crates/isograph_lang_parser/fixtures/pointer-directives.input.js",
        ),
        [
            (
                ClientPointerDeclaration(
                    WithSpan {
                        item: ClientPointerDeclaration {
                            directives: [
                                WithSpan {
                                    item: IsographFieldDirective {
                                        name: WithSpan {
                                            item: IsographDirectiveName(
                                                "directives",
                                            ),
                                            span: Span {
                                                start: 28,
                                                end: 38,
                                            },
                                        },
                                        arguments: [],
                                    },
                                    span: Span {
                                        start: 27,
                                        end: 38,
                                    },
                                },
                                WithSpan {
                                    item: IsographFieldDirective {
                                        name: WithSpan {
                                            item: IsographDirectiveName(
                                                "allowed",
                                            ),
                                            span: Span {
                                                start: 40,
                                                end: 47,
                                            },
                                        },
                                        arguments: [],
                                    },
                                    span: Span {
                                        start: 39,
                                        end: 47,
                                    },
                                },
                                WithSpan {
                                    item: IsographFieldDirective {
                                        name: WithSpan {
                                            item: IsographDirectiveName(
                                                "at",
                                            ),
                                            span: Span {
                                                start: 49,
                                                end: 51,
                                            },
                                        },
                                        arguments: [],
                                    },
                                    span: Span {
                                        start: 48,
                                        end: 51,
                                    },
                                },
                                WithSpan {
                                    item: IsographFieldDirective {
                                        name: WithSpan {
                                            item: IsographDirectiveName(
                                                "parse",
                                            ),
                                            span: Span {
                                                start: 53,
                                                end: 58,
                                            },
                                        },
                                        arguments: [],
                                    },
                                    span: Span {
                                        start: 52,
                                        end: 58,
                                    },
                                },
                                WithSpan {
                                    item: IsographFieldDirective {
                                        name: WithSpan {
                                            item: IsographDirectiveName(
                                                "time",
                                            ),
                                            span: Span {
                                                start: 60,
                                                end: 64,
                                            },
                                        },
                                        arguments: [],
                                    },
                                    span: Span {
                                        start: 59,
                                        end: 64,
                                    },
                                },
                            ],
                            const_export_name: ConstExportName(
                                "pointer",
                            ),
                            parent_type: WithSpan {
                                item: UnvalidatedTypeName(
                                    "User",
                                ),
                                span: Span {
                                    start: 11,
                                    end: 15,
                                },
                            },
                            target_type: Named(
                                GraphQLNamedTypeAnnotation(
                                    WithSpan {
                                        item: UnvalidatedTypeName(
                                            "User",
                                        ),
                                        span: Span {
                                            start: 11,
                                            end: 15,
                                        },
                                    },
                                ),
                            ),
                            client_pointer_name: WithSpan {
                                item: ClientPointerFieldName(
                                    "bestFriend",
                                ),
                                span: Span {
                                    start: 16,
                                    end: 26,
                                },
                            },
                            description: None,
                            selection_set: [
                                WithSpan {
                                    item: LinkedField(
                                        LinkedFieldSelection {
                                            name: WithLocation {
                                                location: Embedded(
                                                    EmbeddedLocation {
                                                        text_source: TextSource {
                                                            current_working_directory: CurrentWorkingDirectory,
                                                            relative_path_to_source_file: RelativePathToSourceFile(
                                                                "crates/isograph_lang_parser/fixtures/pointer-directives.input.js",
                                                            ),
                                                            span: Some(
                                                                Span {
                                                                    start: 112,
                                                                    end: 228,
                                                                },
                                                            ),
                                                        },
                                                        span: Span {
                                                            start: 71,
                                                            end: 78,
                                                        },
                                                    },
                                                ),
                                                item: LinkedFieldName(
                                                    "friends",
                                                ),
                                            },
                                            reader_alias: None,
                                            associated_data: (),
                                            selection_set: [
                                                WithSpan {
                                                    item: ScalarField(
                                                        ScalarFieldSelection {
                                                            name: WithLocation {
                                                                location: Embedded(
                                                                    EmbeddedLocation {
                                                                        text_source: TextSource {
                                                                            current_working_directory: CurrentWorkingDirectory,
                                                                            relative_path_to_source_file: RelativePathToSourceFile(
                                                                                "crates/isograph_lang_parser/fixtures/pointer-directives.input.js",
                                                                            ),
                                                                            span: Some(
                                                                                Span {
                                                                                    start: 112,
                                                                                    end: 228,
                                                                                },
                                                                            ),
                                                                        },
                                                                        span: Span {
                                                                            start: 87,
                                                                            end: 89,
                                                                        },
                                                                    },
                                                                ),
                                                                item: ScalarFieldName(
                                                                    "id",
                                                                ),
                                                            },
                                                            reader_alias: None,
                                                            associated_data: (),
                                                            arguments: [],
                                                            directives: [],
                                                        },
                                                    ),
                                                    span: Span {
                                                        start: 87,
                                                        end: 89,
                                                    },
                                                },
                                                WithSpan {
                                                    item: ScalarField(
                                                        ScalarFieldSelection {
                                                            name: WithLocation {
                                                                location: Embedded(
                                                                    EmbeddedLocation {
                                                                        text_source: TextSource {
                                                                            current_working_directory: CurrentWorkingDirectory,
                                                                            relative_path_to_source_file: RelativePathToSourceFile(
                                                                                "crates/isograph_lang_parser/fixtures/pointer-directives.input.js",
                                                                            ),
                                                                            span: Some(
                                                                                Span {
                                                                                    start: 112,
                                                                                    end: 228,
                                                                                },
                                                                            ),
                                                                        },
                                                                        span: Span {
                                                                            start: 96,
                                                                            end: 105,
                                                                        },
                                                                    },
                                                                ),
                                                                item: ScalarFieldName(
                                                                    "closeness",
                                                                ),
                                                            },
                                                            reader_alias: None,
                                                            associated_data: (),
                                                            arguments: [],
                                                            directives: [],
                                                        },
                                                    ),
                                                    span: Span {
                                                        start: 96,
                                                        end: 105,
                                                    },
                                                },
                                            ],
                                            arguments: [],
                                            directives: [],
                                        },
                                    ),
                                    span: Span {
                                        start: 71,
                                        end: 111,
                                    },
                                },
                            ],
                            variable_definitions: [],
                            definition_path: RelativePathToSourceFile(
                                "crates/isograph_lang_parser/fixtures/pointer-directives.input.js",
                            ),
                            pointer_keyword: WithSpan {
                                item: (),
                                span: Span {
                                    start: 3,
                                    end: 10,
                                },
                            },
                            dot: WithSpan {
                                item: (),
                                span: Span {
                                    start: 15,
                                    end: 16,
                                },
                            },
                        },
                        span: Span {
                            start: 11,
                            end: 115,
                        },
                    },
                ),
                TextSource {
                    current_working_directory: CurrentWorkingDirectory,
                    relative_path_to_source_file: RelativePathToSourceFile(
                        "crates/isograph_lang_parser/fixtures/pointer-directives.input.js",
                    ),
                    span: Some(
                        Span {
                            start: 112,
                            end: 228,
                        },
                    ),
                },
            ),
        ],
    ),
)