Ok(
    (
        ClientPointerDeclaration(
            WithEmbeddedLocation {
                embedded_location: EmbeddedLocation {
                    text_source: TextSource {
                        relative_path_to_source_file: RelativePathToSourceFile(
                            "crates/isograph_lang_parser/fixtures/pointer-args.input.js",
                        ),
                        span: Some(
                            Span {
                                start: 28,
                                end: 143,
                            },
                        ),
                    },
                    span: Span {
                        start: 11,
                        end: 114,
                    },
                },
                item: ClientPointerDeclaration {
                    const_export_name: ConstExportName(
                        "pointer",
                    ),
                    parent_type: WithEmbeddedLocation {
                        embedded_location: EmbeddedLocation {
                            text_source: TextSource {
                                relative_path_to_source_file: RelativePathToSourceFile(
                                    "crates/isograph_lang_parser/fixtures/pointer-args.input.js",
                                ),
                                span: Some(
                                    Span {
                                        start: 28,
                                        end: 143,
                                    },
                                ),
                            },
                            span: Span {
                                start: 11,
                                end: 15,
                            },
                        },
                        item: EntityNameWrapper(
                            EntityName(
                                "User",
                            ),
                        ),
                    },
                    client_pointer_name: WithEmbeddedLocation {
                        embedded_location: EmbeddedLocation {
                            text_source: TextSource {
                                relative_path_to_source_file: RelativePathToSourceFile(
                                    "crates/isograph_lang_parser/fixtures/pointer-args.input.js",
                                ),
                                span: Some(
                                    Span {
                                        start: 28,
                                        end: 143,
                                    },
                                ),
                            },
                            span: Span {
                                start: 16,
                                end: 26,
                            },
                        },
                        item: ClientObjectSelectableNameWrapper(
                            SelectableName(
                                "bestFriend",
                            ),
                        ),
                    },
                    target_type: WithEmbeddedLocation {
                        embedded_location: EmbeddedLocation {
                            text_source: TextSource {
                                relative_path_to_source_file: RelativePathToSourceFile(
                                    "crates/isograph_lang_parser/fixtures/pointer-args.input.js",
                                ),
                                span: Some(
                                    Span {
                                        start: 28,
                                        end: 143,
                                    },
                                ),
                            },
                            span: Span {
                                start: 44,
                                end: 48,
                            },
                        },
                        item: Union(
                            UnionTypeAnnotation {
                                variants: {
                                    Scalar(
                                        EntityNameWrapper(
                                            EntityName(
                                                "User",
                                            ),
                                        ),
                                    ),
                                },
                                nullable: true,
                            },
                        ),
                    },
                    directives: WithEmbeddedLocation {
                        embedded_location: EmbeddedLocation {
                            text_source: TextSource {
                                relative_path_to_source_file: RelativePathToSourceFile(
                                    "crates/isograph_lang_parser/fixtures/pointer-args.input.js",
                                ),
                                span: Some(
                                    Span {
                                        start: 28,
                                        end: 143,
                                    },
                                ),
                            },
                            span: Span {
                                start: 0,
                                end: 0,
                            },
                        },
                        item: [],
                    },
                    description: None,
                    selection_set: WithEmbeddedLocation {
                        embedded_location: EmbeddedLocation {
                            text_source: TextSource {
                                relative_path_to_source_file: RelativePathToSourceFile(
                                    "crates/isograph_lang_parser/fixtures/pointer-args.input.js",
                                ),
                                span: Some(
                                    Span {
                                        start: 28,
                                        end: 143,
                                    },
                                ),
                            },
                            span: Span {
                                start: 49,
                                end: 114,
                            },
                        },
                        item: SelectionSet {
                            selections: [
                                WithEmbeddedLocation {
                                    embedded_location: EmbeddedLocation {
                                        text_source: TextSource {
                                            relative_path_to_source_file: RelativePathToSourceFile(
                                                "crates/isograph_lang_parser/fixtures/pointer-args.input.js",
                                            ),
                                            span: Some(
                                                Span {
                                                    start: 28,
                                                    end: 143,
                                                },
                                            ),
                                        },
                                        span: Span {
                                            start: 55,
                                            end: 110,
                                        },
                                    },
                                    item: Object(
                                        ObjectSelection {
                                            name: WithEmbeddedLocation {
                                                embedded_location: EmbeddedLocation {
                                                    text_source: TextSource {
                                                        relative_path_to_source_file: RelativePathToSourceFile(
                                                            "crates/isograph_lang_parser/fixtures/pointer-args.input.js",
                                                        ),
                                                        span: Some(
                                                            Span {
                                                                start: 28,
                                                                end: 143,
                                                            },
                                                        ),
                                                    },
                                                    span: Span {
                                                        start: 55,
                                                        end: 62,
                                                    },
                                                },
                                                item: SelectableName(
                                                    "friends",
                                                ),
                                            },
                                            reader_alias: None,
                                            selection_set: WithEmbeddedLocation {
                                                embedded_location: EmbeddedLocation {
                                                    text_source: TextSource {
                                                        relative_path_to_source_file: RelativePathToSourceFile(
                                                            "crates/isograph_lang_parser/fixtures/pointer-args.input.js",
                                                        ),
                                                        span: Some(
                                                            Span {
                                                                start: 28,
                                                                end: 143,
                                                            },
                                                        ),
                                                    },
                                                    span: Span {
                                                        start: 78,
                                                        end: 110,
                                                    },
                                                },
                                                item: SelectionSet {
                                                    selections: [
                                                        WithEmbeddedLocation {
                                                            embedded_location: EmbeddedLocation {
                                                                text_source: TextSource {
                                                                    relative_path_to_source_file: RelativePathToSourceFile(
                                                                        "crates/isograph_lang_parser/fixtures/pointer-args.input.js",
                                                                    ),
                                                                    span: Some(
                                                                        Span {
                                                                            start: 28,
                                                                            end: 143,
                                                                        },
                                                                    ),
                                                                },
                                                                span: Span {
                                                                    start: 86,
                                                                    end: 88,
                                                                },
                                                            },
                                                            item: Scalar(
                                                                ScalarSelection {
                                                                    name: WithEmbeddedLocation {
                                                                        embedded_location: EmbeddedLocation {
                                                                            text_source: TextSource {
                                                                                relative_path_to_source_file: RelativePathToSourceFile(
                                                                                    "crates/isograph_lang_parser/fixtures/pointer-args.input.js",
                                                                                ),
                                                                                span: Some(
                                                                                    Span {
                                                                                        start: 28,
                                                                                        end: 143,
                                                                                    },
                                                                                ),
                                                                            },
                                                                            span: Span {
                                                                                start: 86,
                                                                                end: 88,
                                                                            },
                                                                        },
                                                                        item: SelectableName(
                                                                            "id",
                                                                        ),
                                                                    },
                                                                    reader_alias: None,
                                                                    arguments: [],
                                                                    scalar_selection_directive_set: None(
                                                                        EmptyDirectiveSet,
                                                                    ),
                                                                },
                                                            ),
                                                        },
                                                        WithEmbeddedLocation {
                                                            embedded_location: EmbeddedLocation {
                                                                text_source: TextSource {
                                                                    relative_path_to_source_file: RelativePathToSourceFile(
                                                                        "crates/isograph_lang_parser/fixtures/pointer-args.input.js",
                                                                    ),
                                                                    span: Some(
                                                                        Span {
                                                                            start: 28,
                                                                            end: 143,
                                                                        },
                                                                    ),
                                                                },
                                                                span: Span {
                                                                    start: 95,
                                                                    end: 104,
                                                                },
                                                            },
                                                            item: Scalar(
                                                                ScalarSelection {
                                                                    name: WithEmbeddedLocation {
                                                                        embedded_location: EmbeddedLocation {
                                                                            text_source: TextSource {
                                                                                relative_path_to_source_file: RelativePathToSourceFile(
                                                                                    "crates/isograph_lang_parser/fixtures/pointer-args.input.js",
                                                                                ),
                                                                                span: Some(
                                                                                    Span {
                                                                                        start: 28,
                                                                                        end: 143,
                                                                                    },
                                                                                ),
                                                                            },
                                                                            span: Span {
                                                                                start: 95,
                                                                                end: 104,
                                                                            },
                                                                        },
                                                                        item: SelectableName(
                                                                            "closeness",
                                                                        ),
                                                                    },
                                                                    reader_alias: None,
                                                                    arguments: [],
                                                                    scalar_selection_directive_set: None(
                                                                        EmptyDirectiveSet,
                                                                    ),
                                                                },
                                                            ),
                                                        },
                                                    ],
                                                },
                                            },
                                            arguments: [
                                                WithEmbeddedLocation {
                                                    embedded_location: EmbeddedLocation {
                                                        text_source: TextSource {
                                                            relative_path_to_source_file: RelativePathToSourceFile(
                                                                "crates/isograph_lang_parser/fixtures/pointer-args.input.js",
                                                            ),
                                                            span: Some(
                                                                Span {
                                                                    start: 28,
                                                                    end: 143,
                                                                },
                                                            ),
                                                        },
                                                        span: Span {
                                                            start: 63,
                                                            end: 76,
                                                        },
                                                    },
                                                    item: SelectionFieldArgument {
                                                        name: WithEmbeddedLocation {
                                                            embedded_location: EmbeddedLocation {
                                                                text_source: TextSource {
                                                                    relative_path_to_source_file: RelativePathToSourceFile(
                                                                        "crates/isograph_lang_parser/fixtures/pointer-args.input.js",
                                                                    ),
                                                                    span: Some(
                                                                        Span {
                                                                            start: 28,
                                                                            end: 143,
                                                                        },
                                                                    ),
                                                                },
                                                                span: Span {
                                                                    start: 63,
                                                                    end: 68,
                                                                },
                                                            },
                                                            item: FieldArgumentName(
                                                                "first",
                                                            ),
                                                        },
                                                        value: WithEmbeddedLocation {
                                                            embedded_location: EmbeddedLocation {
                                                                text_source: TextSource {
                                                                    relative_path_to_source_file: RelativePathToSourceFile(
                                                                        "crates/isograph_lang_parser/fixtures/pointer-args.input.js",
                                                                    ),
                                                                    span: Some(
                                                                        Span {
                                                                            start: 28,
                                                                            end: 143,
                                                                        },
                                                                    ),
                                                                },
                                                                span: Span {
                                                                    start: 71,
                                                                    end: 76,
                                                                },
                                                            },
                                                            item: Variable(
                                                                VariableNameWrapper(
                                                                    VariableName(
                                                                        "first",
                                                                    ),
                                                                ),
                                                            ),
                                                        },
                                                    },
                                                },
                                            ],
                                            object_selection_directive_set: None(
                                                EmptyDirectiveSet,
                                            ),
                                        },
                                    ),
                                },
                            ],
                        },
                    },
                    variable_definitions: [
                        WithEmbeddedLocation {
                            embedded_location: EmbeddedLocation {
                                text_source: TextSource {
                                    relative_path_to_source_file: RelativePathToSourceFile(
                                        "crates/isograph_lang_parser/fixtures/pointer-args.input.js",
                                    ),
                                    span: Some(
                                        Span {
                                            start: 28,
                                            end: 143,
                                        },
                                    ),
                                },
                                span: Span {
                                    start: 27,
                                    end: 39,
                                },
                            },
                            item: VariableDefinition {
                                name: WithEmbeddedLocation {
                                    embedded_location: EmbeddedLocation {
                                        text_source: TextSource {
                                            relative_path_to_source_file: RelativePathToSourceFile(
                                                "crates/isograph_lang_parser/fixtures/pointer-args.input.js",
                                            ),
                                            span: Some(
                                                Span {
                                                    start: 28,
                                                    end: 143,
                                                },
                                            ),
                                        },
                                        span: Span {
                                            start: 28,
                                            end: 33,
                                        },
                                    },
                                    item: VariableNameWrapper(
                                        VariableName(
                                            "first",
                                        ),
                                    ),
                                },
                                type_: WithEmbeddedLocation {
                                    embedded_location: EmbeddedLocation {
                                        text_source: TextSource {
                                            relative_path_to_source_file: RelativePathToSourceFile(
                                                "crates/isograph_lang_parser/fixtures/pointer-args.input.js",
                                            ),
                                            span: Some(
                                                Span {
                                                    start: 28,
                                                    end: 143,
                                                },
                                            ),
                                        },
                                        span: Span {
                                            start: 35,
                                            end: 39,
                                        },
                                    },
                                    item: Scalar(
                                        EntityNameWrapper(
                                            EntityName(
                                                "Int",
                                            ),
                                        ),
                                    ),
                                },
                                default_value: None,
                            },
                        },
                    ],
                    definition_path: RelativePathToSourceFile(
                        "crates/isograph_lang_parser/fixtures/pointer-args.input.js",
                    ),
                    semantic_tokens: [
                        WithEmbeddedLocation {
                            embedded_location: EmbeddedLocation {
                                text_source: TextSource {
                                    relative_path_to_source_file: RelativePathToSourceFile(
                                        "crates/isograph_lang_parser/fixtures/pointer-args.input.js",
                                    ),
                                    span: Some(
                                        Span {
                                            start: 28,
                                            end: 143,
                                        },
                                    ),
                                },
                                span: Span {
                                    start: 3,
                                    end: 10,
                                },
                            },
                            item: IsographSemanticToken {
                                lsp_semantic_token: LspSemanticToken(
                                    15,
                                ),
                                line_behavior: StartsNewLine(
                                    StartsNewLineBehavior {
                                        space_after: SpaceAfter(
                                            true,
                                        ),
                                    },
                                ),
                                indent_change: Same,
                            },
                        },
                        WithEmbeddedLocation {
                            embedded_location: EmbeddedLocation {
                                text_source: TextSource {
                                    relative_path_to_source_file: RelativePathToSourceFile(
                                        "crates/isograph_lang_parser/fixtures/pointer-args.input.js",
                                    ),
                                    span: Some(
                                        Span {
                                            start: 28,
                                            end: 143,
                                        },
                                    ),
                                },
                                span: Span {
                                    start: 11,
                                    end: 15,
                                },
                            },
                            item: IsographSemanticToken {
                                lsp_semantic_token: LspSemanticToken(
                                    2,
                                ),
                                line_behavior: Inline(
                                    InlineBehavior {
                                        space_before: SpaceBefore(
                                            true,
                                        ),
                                        space_after: SpaceAfter(
                                            true,
                                        ),
                                    },
                                ),
                                indent_change: Same,
                            },
                        },
                        WithEmbeddedLocation {
                            embedded_location: EmbeddedLocation {
                                text_source: TextSource {
                                    relative_path_to_source_file: RelativePathToSourceFile(
                                        "crates/isograph_lang_parser/fixtures/pointer-args.input.js",
                                    ),
                                    span: Some(
                                        Span {
                                            start: 28,
                                            end: 143,
                                        },
                                    ),
                                },
                                span: Span {
                                    start: 15,
                                    end: 16,
                                },
                            },
                            item: IsographSemanticToken {
                                lsp_semantic_token: LspSemanticToken(
                                    21,
                                ),
                                line_behavior: Inline(
                                    InlineBehavior {
                                        space_before: SpaceBefore(
                                            false,
                                        ),
                                        space_after: SpaceAfter(
                                            false,
                                        ),
                                    },
                                ),
                                indent_change: Same,
                            },
                        },
                        WithEmbeddedLocation {
                            embedded_location: EmbeddedLocation {
                                text_source: TextSource {
                                    relative_path_to_source_file: RelativePathToSourceFile(
                                        "crates/isograph_lang_parser/fixtures/pointer-args.input.js",
                                    ),
                                    span: Some(
                                        Span {
                                            start: 28,
                                            end: 143,
                                        },
                                    ),
                                },
                                span: Span {
                                    start: 16,
                                    end: 26,
                                },
                            },
                            item: IsographSemanticToken {
                                lsp_semantic_token: LspSemanticToken(
                                    13,
                                ),
                                line_behavior: Inline(
                                    InlineBehavior {
                                        space_before: SpaceBefore(
                                            true,
                                        ),
                                        space_after: SpaceAfter(
                                            true,
                                        ),
                                    },
                                ),
                                indent_change: Same,
                            },
                        },
                        WithEmbeddedLocation {
                            embedded_location: EmbeddedLocation {
                                text_source: TextSource {
                                    relative_path_to_source_file: RelativePathToSourceFile(
                                        "crates/isograph_lang_parser/fixtures/pointer-args.input.js",
                                    ),
                                    span: Some(
                                        Span {
                                            start: 28,
                                            end: 143,
                                        },
                                    ),
                                },
                                span: Span {
                                    start: 26,
                                    end: 27,
                                },
                            },
                            item: IsographSemanticToken {
                                lsp_semantic_token: LspSemanticToken(
                                    21,
                                ),
                                line_behavior: EndsLine(
                                    EndsLineBehavior {
                                        space_before: SpaceBefore(
                                            false,
                                        ),
                                    },
                                ),
                                indent_change: Indent,
                            },
                        },
                        WithEmbeddedLocation {
                            embedded_location: EmbeddedLocation {
                                text_source: TextSource {
                                    relative_path_to_source_file: RelativePathToSourceFile(
                                        "crates/isograph_lang_parser/fixtures/pointer-args.input.js",
                                    ),
                                    span: Some(
                                        Span {
                                            start: 28,
                                            end: 143,
                                        },
                                    ),
                                },
                                span: Span {
                                    start: 27,
                                    end: 28,
                                },
                            },
                            item: IsographSemanticToken {
                                lsp_semantic_token: LspSemanticToken(
                                    8,
                                ),
                                line_behavior: Inline(
                                    InlineBehavior {
                                        space_before: SpaceBefore(
                                            true,
                                        ),
                                        space_after: SpaceAfter(
                                            false,
                                        ),
                                    },
                                ),
                                indent_change: Same,
                            },
                        },
                        WithEmbeddedLocation {
                            embedded_location: EmbeddedLocation {
                                text_source: TextSource {
                                    relative_path_to_source_file: RelativePathToSourceFile(
                                        "crates/isograph_lang_parser/fixtures/pointer-args.input.js",
                                    ),
                                    span: Some(
                                        Span {
                                            start: 28,
                                            end: 143,
                                        },
                                    ),
                                },
                                span: Span {
                                    start: 28,
                                    end: 33,
                                },
                            },
                            item: IsographSemanticToken {
                                lsp_semantic_token: LspSemanticToken(
                                    8,
                                ),
                                line_behavior: Inline(
                                    InlineBehavior {
                                        space_before: SpaceBefore(
                                            false,
                                        ),
                                        space_after: SpaceAfter(
                                            false,
                                        ),
                                    },
                                ),
                                indent_change: Same,
                            },
                        },
                        WithEmbeddedLocation {
                            embedded_location: EmbeddedLocation {
                                text_source: TextSource {
                                    relative_path_to_source_file: RelativePathToSourceFile(
                                        "crates/isograph_lang_parser/fixtures/pointer-args.input.js",
                                    ),
                                    span: Some(
                                        Span {
                                            start: 28,
                                            end: 143,
                                        },
                                    ),
                                },
                                span: Span {
                                    start: 33,
                                    end: 34,
                                },
                            },
                            item: IsographSemanticToken {
                                lsp_semantic_token: LspSemanticToken(
                                    21,
                                ),
                                line_behavior: Inline(
                                    InlineBehavior {
                                        space_before: SpaceBefore(
                                            false,
                                        ),
                                        space_after: SpaceAfter(
                                            true,
                                        ),
                                    },
                                ),
                                indent_change: Same,
                            },
                        },
                        WithEmbeddedLocation {
                            embedded_location: EmbeddedLocation {
                                text_source: TextSource {
                                    relative_path_to_source_file: RelativePathToSourceFile(
                                        "crates/isograph_lang_parser/fixtures/pointer-args.input.js",
                                    ),
                                    span: Some(
                                        Span {
                                            start: 28,
                                            end: 143,
                                        },
                                    ),
                                },
                                span: Span {
                                    start: 35,
                                    end: 38,
                                },
                            },
                            item: IsographSemanticToken {
                                lsp_semantic_token: LspSemanticToken(
                                    1,
                                ),
                                line_behavior: Inline(
                                    InlineBehavior {
                                        space_before: SpaceBefore(
                                            true,
                                        ),
                                        space_after: SpaceAfter(
                                            true,
                                        ),
                                    },
                                ),
                                indent_change: Same,
                            },
                        },
                        WithEmbeddedLocation {
                            embedded_location: EmbeddedLocation {
                                text_source: TextSource {
                                    relative_path_to_source_file: RelativePathToSourceFile(
                                        "crates/isograph_lang_parser/fixtures/pointer-args.input.js",
                                    ),
                                    span: Some(
                                        Span {
                                            start: 28,
                                            end: 143,
                                        },
                                    ),
                                },
                                span: Span {
                                    start: 38,
                                    end: 39,
                                },
                            },
                            item: IsographSemanticToken {
                                lsp_semantic_token: LspSemanticToken(
                                    1,
                                ),
                                line_behavior: Inline(
                                    InlineBehavior {
                                        space_before: SpaceBefore(
                                            true,
                                        ),
                                        space_after: SpaceAfter(
                                            true,
                                        ),
                                    },
                                ),
                                indent_change: Same,
                            },
                        },
                        WithEmbeddedLocation {
                            embedded_location: EmbeddedLocation {
                                text_source: TextSource {
                                    relative_path_to_source_file: RelativePathToSourceFile(
                                        "crates/isograph_lang_parser/fixtures/pointer-args.input.js",
                                    ),
                                    span: Some(
                                        Span {
                                            start: 28,
                                            end: 143,
                                        },
                                    ),
                                },
                                span: Span {
                                    start: 39,
                                    end: 40,
                                },
                            },
                            item: IsographSemanticToken {
                                lsp_semantic_token: LspSemanticToken(
                                    21,
                                ),
                                line_behavior: StartsNewLine(
                                    StartsNewLineBehavior {
                                        space_after: SpaceAfter(
                                            true,
                                        ),
                                    },
                                ),
                                indent_change: Dedent,
                            },
                        },
                        WithEmbeddedLocation {
                            embedded_location: EmbeddedLocation {
                                text_source: TextSource {
                                    relative_path_to_source_file: RelativePathToSourceFile(
                                        "crates/isograph_lang_parser/fixtures/pointer-args.input.js",
                                    ),
                                    span: Some(
                                        Span {
                                            start: 28,
                                            end: 143,
                                        },
                                    ),
                                },
                                span: Span {
                                    start: 41,
                                    end: 43,
                                },
                            },
                            item: IsographSemanticToken {
                                lsp_semantic_token: LspSemanticToken(
                                    15,
                                ),
                                line_behavior: Inline(
                                    InlineBehavior {
                                        space_before: SpaceBefore(
                                            true,
                                        ),
                                        space_after: SpaceAfter(
                                            true,
                                        ),
                                    },
                                ),
                                indent_change: Same,
                            },
                        },
                        WithEmbeddedLocation {
                            embedded_location: EmbeddedLocation {
                                text_source: TextSource {
                                    relative_path_to_source_file: RelativePathToSourceFile(
                                        "crates/isograph_lang_parser/fixtures/pointer-args.input.js",
                                    ),
                                    span: Some(
                                        Span {
                                            start: 28,
                                            end: 143,
                                        },
                                    ),
                                },
                                span: Span {
                                    start: 44,
                                    end: 48,
                                },
                            },
                            item: IsographSemanticToken {
                                lsp_semantic_token: LspSemanticToken(
                                    1,
                                ),
                                line_behavior: Inline(
                                    InlineBehavior {
                                        space_before: SpaceBefore(
                                            true,
                                        ),
                                        space_after: SpaceAfter(
                                            true,
                                        ),
                                    },
                                ),
                                indent_change: Same,
                            },
                        },
                        WithEmbeddedLocation {
                            embedded_location: EmbeddedLocation {
                                text_source: TextSource {
                                    relative_path_to_source_file: RelativePathToSourceFile(
                                        "crates/isograph_lang_parser/fixtures/pointer-args.input.js",
                                    ),
                                    span: Some(
                                        Span {
                                            start: 28,
                                            end: 143,
                                        },
                                    ),
                                },
                                span: Span {
                                    start: 49,
                                    end: 50,
                                },
                            },
                            item: IsographSemanticToken {
                                lsp_semantic_token: LspSemanticToken(
                                    21,
                                ),
                                line_behavior: EndsLine(
                                    EndsLineBehavior {
                                        space_before: SpaceBefore(
                                            true,
                                        ),
                                    },
                                ),
                                indent_change: Indent,
                            },
                        },
                        WithEmbeddedLocation {
                            embedded_location: EmbeddedLocation {
                                text_source: TextSource {
                                    relative_path_to_source_file: RelativePathToSourceFile(
                                        "crates/isograph_lang_parser/fixtures/pointer-args.input.js",
                                    ),
                                    span: Some(
                                        Span {
                                            start: 28,
                                            end: 143,
                                        },
                                    ),
                                },
                                span: Span {
                                    start: 55,
                                    end: 62,
                                },
                            },
                            item: IsographSemanticToken {
                                lsp_semantic_token: LspSemanticToken(
                                    9,
                                ),
                                line_behavior: StartsNewLine(
                                    StartsNewLineBehavior {
                                        space_after: SpaceAfter(
                                            true,
                                        ),
                                    },
                                ),
                                indent_change: Same,
                            },
                        },
                        WithEmbeddedLocation {
                            embedded_location: EmbeddedLocation {
                                text_source: TextSource {
                                    relative_path_to_source_file: RelativePathToSourceFile(
                                        "crates/isograph_lang_parser/fixtures/pointer-args.input.js",
                                    ),
                                    span: Some(
                                        Span {
                                            start: 28,
                                            end: 143,
                                        },
                                    ),
                                },
                                span: Span {
                                    start: 62,
                                    end: 63,
                                },
                            },
                            item: IsographSemanticToken {
                                lsp_semantic_token: LspSemanticToken(
                                    21,
                                ),
                                line_behavior: EndsLine(
                                    EndsLineBehavior {
                                        space_before: SpaceBefore(
                                            false,
                                        ),
                                    },
                                ),
                                indent_change: Indent,
                            },
                        },
                        WithEmbeddedLocation {
                            embedded_location: EmbeddedLocation {
                                text_source: TextSource {
                                    relative_path_to_source_file: RelativePathToSourceFile(
                                        "crates/isograph_lang_parser/fixtures/pointer-args.input.js",
                                    ),
                                    span: Some(
                                        Span {
                                            start: 28,
                                            end: 143,
                                        },
                                    ),
                                },
                                span: Span {
                                    start: 63,
                                    end: 68,
                                },
                            },
                            item: IsographSemanticToken {
                                lsp_semantic_token: LspSemanticToken(
                                    7,
                                ),
                                line_behavior: StartsNewLine(
                                    StartsNewLineBehavior {
                                        space_after: SpaceAfter(
                                            true,
                                        ),
                                    },
                                ),
                                indent_change: Same,
                            },
                        },
                        WithEmbeddedLocation {
                            embedded_location: EmbeddedLocation {
                                text_source: TextSource {
                                    relative_path_to_source_file: RelativePathToSourceFile(
                                        "crates/isograph_lang_parser/fixtures/pointer-args.input.js",
                                    ),
                                    span: Some(
                                        Span {
                                            start: 28,
                                            end: 143,
                                        },
                                    ),
                                },
                                span: Span {
                                    start: 68,
                                    end: 69,
                                },
                            },
                            item: IsographSemanticToken {
                                lsp_semantic_token: LspSemanticToken(
                                    21,
                                ),
                                line_behavior: Inline(
                                    InlineBehavior {
                                        space_before: SpaceBefore(
                                            false,
                                        ),
                                        space_after: SpaceAfter(
                                            true,
                                        ),
                                    },
                                ),
                                indent_change: Same,
                            },
                        },
                        WithEmbeddedLocation {
                            embedded_location: EmbeddedLocation {
                                text_source: TextSource {
                                    relative_path_to_source_file: RelativePathToSourceFile(
                                        "crates/isograph_lang_parser/fixtures/pointer-args.input.js",
                                    ),
                                    span: Some(
                                        Span {
                                            start: 28,
                                            end: 143,
                                        },
                                    ),
                                },
                                span: Span {
                                    start: 70,
                                    end: 71,
                                },
                            },
                            item: IsographSemanticToken {
                                lsp_semantic_token: LspSemanticToken(
                                    8,
                                ),
                                line_behavior: Inline(
                                    InlineBehavior {
                                        space_before: SpaceBefore(
                                            true,
                                        ),
                                        space_after: SpaceAfter(
                                            false,
                                        ),
                                    },
                                ),
                                indent_change: Same,
                            },
                        },
                        WithEmbeddedLocation {
                            embedded_location: EmbeddedLocation {
                                text_source: TextSource {
                                    relative_path_to_source_file: RelativePathToSourceFile(
                                        "crates/isograph_lang_parser/fixtures/pointer-args.input.js",
                                    ),
                                    span: Some(
                                        Span {
                                            start: 28,
                                            end: 143,
                                        },
                                    ),
                                },
                                span: Span {
                                    start: 71,
                                    end: 76,
                                },
                            },
                            item: IsographSemanticToken {
                                lsp_semantic_token: LspSemanticToken(
                                    8,
                                ),
                                line_behavior: Inline(
                                    InlineBehavior {
                                        space_before: SpaceBefore(
                                            false,
                                        ),
                                        space_after: SpaceAfter(
                                            false,
                                        ),
                                    },
                                ),
                                indent_change: Same,
                            },
                        },
                        WithEmbeddedLocation {
                            embedded_location: EmbeddedLocation {
                                text_source: TextSource {
                                    relative_path_to_source_file: RelativePathToSourceFile(
                                        "crates/isograph_lang_parser/fixtures/pointer-args.input.js",
                                    ),
                                    span: Some(
                                        Span {
                                            start: 28,
                                            end: 143,
                                        },
                                    ),
                                },
                                span: Span {
                                    start: 76,
                                    end: 77,
                                },
                            },
                            item: IsographSemanticToken {
                                lsp_semantic_token: LspSemanticToken(
                                    21,
                                ),
                                line_behavior: StartsNewLine(
                                    StartsNewLineBehavior {
                                        space_after: SpaceAfter(
                                            true,
                                        ),
                                    },
                                ),
                                indent_change: Dedent,
                            },
                        },
                        WithEmbeddedLocation {
                            embedded_location: EmbeddedLocation {
                                text_source: TextSource {
                                    relative_path_to_source_file: RelativePathToSourceFile(
                                        "crates/isograph_lang_parser/fixtures/pointer-args.input.js",
                                    ),
                                    span: Some(
                                        Span {
                                            start: 28,
                                            end: 143,
                                        },
                                    ),
                                },
                                span: Span {
                                    start: 78,
                                    end: 79,
                                },
                            },
                            item: IsographSemanticToken {
                                lsp_semantic_token: LspSemanticToken(
                                    21,
                                ),
                                line_behavior: EndsLine(
                                    EndsLineBehavior {
                                        space_before: SpaceBefore(
                                            true,
                                        ),
                                    },
                                ),
                                indent_change: Indent,
                            },
                        },
                        WithEmbeddedLocation {
                            embedded_location: EmbeddedLocation {
                                text_source: TextSource {
                                    relative_path_to_source_file: RelativePathToSourceFile(
                                        "crates/isograph_lang_parser/fixtures/pointer-args.input.js",
                                    ),
                                    span: Some(
                                        Span {
                                            start: 28,
                                            end: 143,
                                        },
                                    ),
                                },
                                span: Span {
                                    start: 86,
                                    end: 88,
                                },
                            },
                            item: IsographSemanticToken {
                                lsp_semantic_token: LspSemanticToken(
                                    9,
                                ),
                                line_behavior: StartsNewLine(
                                    StartsNewLineBehavior {
                                        space_after: SpaceAfter(
                                            true,
                                        ),
                                    },
                                ),
                                indent_change: Same,
                            },
                        },
                        WithEmbeddedLocation {
                            embedded_location: EmbeddedLocation {
                                text_source: TextSource {
                                    relative_path_to_source_file: RelativePathToSourceFile(
                                        "crates/isograph_lang_parser/fixtures/pointer-args.input.js",
                                    ),
                                    span: Some(
                                        Span {
                                            start: 28,
                                            end: 143,
                                        },
                                    ),
                                },
                                span: Span {
                                    start: 95,
                                    end: 104,
                                },
                            },
                            item: IsographSemanticToken {
                                lsp_semantic_token: LspSemanticToken(
                                    9,
                                ),
                                line_behavior: StartsNewLine(
                                    StartsNewLineBehavior {
                                        space_after: SpaceAfter(
                                            true,
                                        ),
                                    },
                                ),
                                indent_change: Same,
                            },
                        },
                        WithEmbeddedLocation {
                            embedded_location: EmbeddedLocation {
                                text_source: TextSource {
                                    relative_path_to_source_file: RelativePathToSourceFile(
                                        "crates/isograph_lang_parser/fixtures/pointer-args.input.js",
                                    ),
                                    span: Some(
                                        Span {
                                            start: 28,
                                            end: 143,
                                        },
                                    ),
                                },
                                span: Span {
                                    start: 109,
                                    end: 110,
                                },
                            },
                            item: IsographSemanticToken {
                                lsp_semantic_token: LspSemanticToken(
                                    21,
                                ),
                                line_behavior: IsOwnLine,
                                indent_change: Dedent,
                            },
                        },
                        WithEmbeddedLocation {
                            embedded_location: EmbeddedLocation {
                                text_source: TextSource {
                                    relative_path_to_source_file: RelativePathToSourceFile(
                                        "crates/isograph_lang_parser/fixtures/pointer-args.input.js",
                                    ),
                                    span: Some(
                                        Span {
                                            start: 28,
                                            end: 143,
                                        },
                                    ),
                                },
                                span: Span {
                                    start: 113,
                                    end: 114,
                                },
                            },
                            item: IsographSemanticToken {
                                lsp_semantic_token: LspSemanticToken(
                                    21,
                                ),
                                line_behavior: IsOwnLine,
                                indent_change: Dedent,
                            },
                        },
                    ],
                },
            },
        ),
        TextSource {
            relative_path_to_source_file: RelativePathToSourceFile(
                "crates/isograph_lang_parser/fixtures/pointer-args.input.js",
            ),
            span: Some(
                Span {
                    start: 28,
                    end: 143,
                },
            ),
        },
    ),
)